This is pdfTeX, Version 3.14159265-2.6-1.40.21 (MiKTeX 20.12) (preloaded format=pdflatex 2020.12.28)  1 NOV 2021 17:38
entering extended mode
**./Thesis.tex
(Thesis.tex
LaTeX2e <2020-10-01> patch level 2
L3 programming layer <2020-12-07> xparse <2020-03-03>
("C:\MiKTeX 2.9\tex/latex/base\article.cls"
Document Class: article 2020/04/10 v1.4m Standard LaTeX document class
("C:\MiKTeX 2.9\tex/latex/base\size12.clo"
File: size12.clo 2020/04/10 v1.4m Standard LaTeX file (size option)
)
\c@part=\count177
\c@section=\count178
\c@subsection=\count179
\c@subsubsection=\count180
\c@paragraph=\count181
\c@subparagraph=\count182
\c@figure=\count183
\c@table=\count184
\abovecaptionskip=\skip47
\belowcaptionskip=\skip48
\bibindent=\dimen138
)
("C:\MiKTeX 2.9\tex/latex/geometry\geometry.sty"
Package: geometry 2020/01/02 v5.9 Page Geometry

("C:\MiKTeX 2.9\tex/latex/graphics\keyval.sty"
Package: keyval 2014/10/28 v1.15 key=value parser (DPC)
\KV@toks@=\toks15
)
("C:\MiKTeX 2.9\tex/generic/iftex\ifvtex.sty"
Package: ifvtex 2019/10/25 v1.7 ifvtex legacy package. Use iftex instead.

("C:\MiKTeX 2.9\tex/generic/iftex\iftex.sty"
Package: iftex 2020/03/06 v1.0d TeX engine tests
))
\Gm@cnth=\count185
\Gm@cntv=\count186
\c@Gm@tempcnt=\count187
\Gm@bindingoffset=\dimen139
\Gm@wd@mp=\dimen140
\Gm@odd@mp=\dimen141
\Gm@even@mp=\dimen142
\Gm@layoutwidth=\dimen143
\Gm@layoutheight=\dimen144
\Gm@layouthoffset=\dimen145
\Gm@layoutvoffset=\dimen146
\Gm@dimlist=\toks16

("C:\MiKTeX 2.9\tex/latex/geometry\geometry.cfg"))
("C:\MiKTeX 2.9\tex/latex/graphics\color.sty"
Package: color 2020/02/24 v1.2b Standard LaTeX Color (DPC)

("C:\MiKTeX 2.9\tex/latex/graphics-cfg\color.cfg"
File: color.cfg 2016/01/02 v1.6 sample color configuration
)
Package color Info: Driver file: pdftex.def on input line 147.

("C:\MiKTeX 2.9\tex/latex/graphics-def\pdftex.def"
File: pdftex.def 2020/10/05 v1.2a Graphics/color driver for pdftex
))
("C:\MiKTeX 2.9\tex/latex/xcolor\xcolor.sty"
Package: xcolor 2016/05/11 v2.12 LaTeX color extensions (UK)

("C:\MiKTeX 2.9\tex/latex/graphics-cfg\color.cfg"
File: color.cfg 2016/01/02 v1.6 sample color configuration
)
Package xcolor Info: Driver file: pdftex.def on input line 225.
LaTeX Info: Redefining \color on input line 709.
Package xcolor Info: Model `cmy' substituted by `cmy0' on input line 1348.
Package xcolor Info: Model `hsb' substituted by `rgb' on input line 1352.
Package xcolor Info: Model `RGB' extended on input line 1364.
Package xcolor Info: Model `HTML' substituted by `rgb' on input line 1366.
Package xcolor Info: Model `Hsb' substituted by `hsb' on input line 1367.
Package xcolor Info: Model `tHsb' substituted by `hsb' on input line 1368.
Package xcolor Info: Model `HSB' substituted by `hsb' on input line 1369.
Package xcolor Info: Model `Gray' substituted by `gray' on input line 1370.
Package xcolor Info: Model `wave' substituted by `hsb' on input line 1371.

("C:\MiKTeX 2.9\tex/latex/graphics\dvipsnam.def"
File: dvipsnam.def 2016/06/17 v3.0m Driver-dependent file (DPC,SPQR)
))
("C:\MiKTeX 2.9\tex/latex/hyperref\hyperref.sty"
Package: hyperref 2020-05-15 v7.00e Hypertext links for LaTeX

("C:\MiKTeX 2.9\tex/generic/ltxcmds\ltxcmds.sty"
Package: ltxcmds 2020-05-10 v1.25 LaTeX kernel commands for general use (HO)
)
("C:\MiKTeX 2.9\tex/generic/pdftexcmds\pdftexcmds.sty"
Package: pdftexcmds 2020-06-27 v0.33 Utility functions of pdfTeX for LuaTeX (HO
)

("C:\MiKTeX 2.9\tex/generic/infwarerr\infwarerr.sty"
Package: infwarerr 2019/12/03 v1.5 Providing info/warning/error messages (HO)
)
Package pdftexcmds Info: \pdf@primitive is available.
Package pdftexcmds Info: \pdf@ifprimitive is available.
Package pdftexcmds Info: \pdfdraftmode found.
)
("C:\MiKTeX 2.9\tex/generic/kvsetkeys\kvsetkeys.sty"
Package: kvsetkeys 2019/12/15 v1.18 Key value parser (HO)
)
("C:\MiKTeX 2.9\tex/generic/kvdefinekeys\kvdefinekeys.sty"
Package: kvdefinekeys 2019-12-19 v1.6 Define keys (HO)
)
("C:\MiKTeX 2.9\tex/generic/pdfescape\pdfescape.sty"
Package: pdfescape 2019/12/09 v1.15 Implements pdfTeX's escape features (HO)
)
("C:\MiKTeX 2.9\tex/latex/hycolor\hycolor.sty"
Package: hycolor 2020-01-27 v1.10 Color options for hyperref/bookmark (HO)
)
("C:\MiKTeX 2.9\tex/latex/letltxmacro\letltxmacro.sty"
Package: letltxmacro 2019/12/03 v1.6 Let assignment for LaTeX macros (HO)
)
("C:\MiKTeX 2.9\tex/latex/auxhook\auxhook.sty"
Package: auxhook 2019-12-17 v1.6 Hooks for auxiliary files (HO)
)
("C:\MiKTeX 2.9\tex/latex/kvoptions\kvoptions.sty"
Package: kvoptions 2020-10-07 v3.14 Key value format for package options (HO)
)
\@linkdim=\dimen147
\Hy@linkcounter=\count188
\Hy@pagecounter=\count189

("C:\MiKTeX 2.9\tex/latex/hyperref\pd1enc.def"
File: pd1enc.def 2020-05-15 v7.00e Hyperref: PDFDocEncoding definition (HO)
Now handling font encoding PD1 ...
... no UTF-8 mapping file for font encoding PD1
)
("C:\MiKTeX 2.9\tex/generic/intcalc\intcalc.sty"
Package: intcalc 2019/12/15 v1.3 Expandable calculations with integers (HO)
)
("C:\MiKTeX 2.9\tex/generic/etexcmds\etexcmds.sty"
Package: etexcmds 2019/12/15 v1.7 Avoid name clashes with e-TeX commands (HO)
)
\Hy@SavedSpaceFactor=\count190
Package hyperref Info: Hyper figures OFF on input line 4464.
Package hyperref Info: Link nesting OFF on input line 4469.
Package hyperref Info: Hyper index ON on input line 4472.
Package hyperref Info: Plain pages OFF on input line 4479.
Package hyperref Info: Backreferencing OFF on input line 4484.
Package hyperref Info: Implicit mode ON; LaTeX internals redefined.
Package hyperref Info: Bookmarks ON on input line 4717.
\c@Hy@tempcnt=\count191

("C:\MiKTeX 2.9\tex/latex/url\url.sty"
\Urlmuskip=\muskip16
Package: url 2013/09/16  ver 3.4  Verb mode for urls, etc.
)
LaTeX Info: Redefining \url on input line 5076.
\XeTeXLinkMargin=\dimen148

("C:\MiKTeX 2.9\tex/generic/bitset\bitset.sty"
Package: bitset 2019/12/09 v1.3 Handle bit-vector datatype (HO)

("C:\MiKTeX 2.9\tex/generic/bigintcalc\bigintcalc.sty"
Package: bigintcalc 2019/12/15 v1.5 Expandable calculations on big integers (HO
)
))
\Fld@menulength=\count192
\Field@Width=\dimen149
\Fld@charsize=\dimen150
Package hyperref Info: Hyper figures OFF on input line 6347.
Package hyperref Info: Link nesting OFF on input line 6352.
Package hyperref Info: Hyper index ON on input line 6355.
Package hyperref Info: backreferencing OFF on input line 6362.
Package hyperref Info: Link coloring OFF on input line 6367.
Package hyperref Info: Link coloring with OCG OFF on input line 6372.
Package hyperref Info: PDF/A mode OFF on input line 6377.
LaTeX Info: Redefining \ref on input line 6417.
LaTeX Info: Redefining \pageref on input line 6421.

("C:\MiKTeX 2.9\tex/latex/base\atbegshi-ltx.sty"
Package: atbegshi-ltx 2020/08/17 v1.0a Emulation of the original atbegshi packa
ge
with kernel methods
)
\Hy@abspage=\count193
\c@Item=\count194
\c@Hfootnote=\count195
)
Package hyperref Info: Driver (autodetected): hpdftex.

("C:\MiKTeX 2.9\tex/latex/hyperref\hpdftex.def"
File: hpdftex.def 2020-05-15 v7.00e Hyperref driver for pdfTeX

("C:\MiKTeX 2.9\tex/latex/base\atveryend-ltx.sty"
Package: atveryend-ltx 2020/08/19 v1.0a Emulation of the original atvery packag
e
with kernel methods
)
\Fld@listcount=\count196
\c@bookmark@seq@number=\count197

("C:\MiKTeX 2.9\tex/latex/rerunfilecheck\rerunfilecheck.sty"
Package: rerunfilecheck 2019/12/05 v1.9 Rerun checks for auxiliary files (HO)

("C:\MiKTeX 2.9\tex/generic/uniquecounter\uniquecounter.sty"
Package: uniquecounter 2019/12/15 v1.4 Provide unlimited unique counter (HO)
)
Package uniquecounter Info: New unique counter `rerunfilecheck' on input line 2
86.
)
\Hy@SectionHShift=\skip49
)
Package hyperref Info: Option `colorlinks' set `true' on input line 12.

("C:\MiKTeX 2.9\tex/latex/amsmath\amsmath.sty"
Package: amsmath 2020/09/23 v2.17i AMS math features
\@mathmargin=\skip50

For additional information on amsmath, use the `?' option.
("C:\MiKTeX 2.9\tex/latex/amsmath\amstext.sty"
Package: amstext 2000/06/29 v2.01 AMS text

("C:\MiKTeX 2.9\tex/latex/amsmath\amsgen.sty"
File: amsgen.sty 1999/11/30 v2.0 generic functions
\@emptytoks=\toks17
\ex@=\dimen151
))
("C:\MiKTeX 2.9\tex/latex/amsmath\amsbsy.sty"
Package: amsbsy 1999/11/29 v1.2d Bold Symbols
\pmbraise@=\dimen152
)
("C:\MiKTeX 2.9\tex/latex/amsmath\amsopn.sty"
Package: amsopn 2016/03/08 v2.02 operator names
)
\inf@bad=\count198
LaTeX Info: Redefining \frac on input line 234.
\uproot@=\count199
\leftroot@=\count266
LaTeX Info: Redefining \overline on input line 399.
\classnum@=\count267
\DOTSCASE@=\count268
LaTeX Info: Redefining \ldots on input line 496.
LaTeX Info: Redefining \dots on input line 499.
LaTeX Info: Redefining \cdots on input line 620.
\Mathstrutbox@=\box47
\strutbox@=\box48
\big@size=\dimen153
LaTeX Font Info:    Redeclaring font encoding OML on input line 743.
LaTeX Font Info:    Redeclaring font encoding OMS on input line 744.
\macc@depth=\count269
\c@MaxMatrixCols=\count270
\dotsspace@=\muskip17
\c@parentequation=\count271
\dspbrk@lvl=\count272
\tag@help=\toks18
\row@=\count273
\column@=\count274
\maxfields@=\count275
\andhelp@=\toks19
\eqnshift@=\dimen154
\alignsep@=\dimen155
\tagshift@=\dimen156
\tagwidth@=\dimen157
\totwidth@=\dimen158
\lineht@=\dimen159
\@envbody=\toks20
\multlinegap=\skip51
\multlinetaggap=\skip52
\mathdisplay@stack=\toks21
LaTeX Info: Redefining \[ on input line 2923.
LaTeX Info: Redefining \] on input line 2924.
)
("C:\MiKTeX 2.9\tex/latex/mathtools\mathtools.sty"
Package: mathtools 2020/03/24 v1.24 mathematical typesetting tools

("C:\MiKTeX 2.9\tex/latex/tools\calc.sty"
Package: calc 2017/05/25 v4.3 Infix arithmetic (KKT,FJ)
\calc@Acount=\count276
\calc@Bcount=\count277
\calc@Adimen=\dimen160
\calc@Bdimen=\dimen161
\calc@Askip=\skip53
\calc@Bskip=\skip54
LaTeX Info: Redefining \setlength on input line 80.
LaTeX Info: Redefining \addtolength on input line 81.
\calc@Ccount=\count278
\calc@Cskip=\skip55
)
("C:\MiKTeX 2.9\tex/latex/mathtools\mhsetup.sty"
Package: mhsetup 2017/03/31 v1.3 programming setup (MH)
)
LaTeX Info: Thecontrolsequence`\('isalreadyrobust on input line 130.
LaTeX Info: Thecontrolsequence`\)'isalreadyrobust on input line 130.
LaTeX Info: Thecontrolsequence`\['isalreadyrobust on input line 130.
LaTeX Info: Thecontrolsequence`\]'isalreadyrobust on input line 130.
\g_MT_multlinerow_int=\count279
\l_MT_multwidth_dim=\dimen162
\origjot=\skip56
\l_MT_shortvdotswithinadjustabove_dim=\dimen163
\l_MT_shortvdotswithinadjustbelow_dim=\dimen164
\l_MT_above_intertext_sep=\dimen165
\l_MT_below_intertext_sep=\dimen166
\l_MT_above_shortintertext_sep=\dimen167
\l_MT_below_shortintertext_sep=\dimen168
\xmathstrut@box=\box49
\xmathstrut@dim=\dimen169
)
("C:\MiKTeX 2.9\tex/latex/amsfonts\amssymb.sty"
Package: amssymb 2013/01/14 v3.01 AMS font symbols

("C:\MiKTeX 2.9\tex/latex/amsfonts\amsfonts.sty"
Package: amsfonts 2013/01/14 v3.01 Basic AMSFonts support
\symAMSa=\mathgroup4
\symAMSb=\mathgroup5
LaTeX Font Info:    Redeclaring math symbol \hbar on input line 98.
LaTeX Font Info:    Overwriting math alphabet `\mathfrak' in version `bold'
(Font)                  U/euf/m/n --> U/euf/b/n on input line 106.
))
("C:\MiKTeX 2.9\tex/latex/cancel\cancel.sty"
Package: cancel 2013/04/12 v2.2 Cancel math terms
)
("C:\MiKTeX 2.9\tex/latex/tools\bm.sty"
Package: bm 2019/07/24 v1.2d Bold Symbol Support (DPC/FMi)
\symboldoperators=\mathgroup6
\symboldletters=\mathgroup7
\symboldsymbols=\mathgroup8
LaTeX Font Info:    Redeclaring math alphabet \mathbf on input line 141.
LaTeX Info: Redefining \bm on input line 209.
)
("C:\MiKTeX 2.9\tex/latex/doublestroke\dsfont.sty"
Package: dsfont 1995/08/01 v0.1 Double stroke roman fonts
)
("C:\MiKTeX 2.9\tex/latex/graphics\graphicx.sty"
Package: graphicx 2020/09/09 v1.2b Enhanced LaTeX Graphics (DPC,SPQR)

("C:\MiKTeX 2.9\tex/latex/graphics\graphics.sty"
Package: graphics 2020/08/30 v1.4c Standard LaTeX Graphics (DPC,SPQR)

("C:\MiKTeX 2.9\tex/latex/graphics\trig.sty"
Package: trig 2016/01/03 v1.10 sin cos tan (DPC)
)
("C:\MiKTeX 2.9\tex/latex/graphics-cfg\graphics.cfg"
File: graphics.cfg 2016/06/04 v1.11 sample graphics configuration
)
Package graphics Info: Driver file: pdftex.def on input line 105.
)
\Gin@req@height=\dimen170
\Gin@req@width=\dimen171
)
("C:\MiKTeX 2.9\tex/latex/l3packages/xfrac\xfrac.sty"
("C:\MiKTeX 2.9\tex/latex/l3kernel\expl3.sty"
Package: expl3 2020-12-07 L3 programming layer (loader) 

("C:\MiKTeX 2.9\tex/latex/l3backend\l3backend-pdftex.def"
File: l3backend-pdftex.def 2020-09-24 L3 backend support: PDF output (pdfTeX)
\l__kernel_color_stack_int=\count280
\l__pdf_internal_box=\box50
))
("C:\MiKTeX 2.9\tex/latex/l3packages/l3keys2e\l3keys2e.sty"
Package: l3keys2e 2020-10-27 LaTeX2e option processing using LaTeX3 keys
)
("C:\MiKTeX 2.9\tex/latex/base\textcomp.sty"
Package: textcomp 2020/02/02 v2.0n Standard LaTeX package
)
("C:\MiKTeX 2.9\tex/latex/l3packages/xparse\xparse.sty"
Package: xparse 2020-10-27 L3 Experimental document command parser

("C:\MiKTeX 2.9\tex/latex/l3packages/xparse\xparse-generic.tex"))
("C:\MiKTeX 2.9\tex/latex/l3packages/xtemplate\xtemplate.sty"
Package: xtemplate 2020-10-27 L3 Experimental prototype document functions
\l__xtemplate_tmp_dim=\dimen172
\l__xtemplate_tmp_int=\count281
\l__xtemplate_tmp_muskip=\muskip18
\l__xtemplate_tmp_skip=\skip57
)
Package: xfrac 2020-10-27 L3 Experimental split-level fractions
\l__xfrac_slash_box=\box51
\l__xfrac_tmp_box=\box52
\l__xfrac_denominator_bot_sep_dim=\dimen173
\l__xfrac_numerator_bot_sep_dim=\dimen174
\l__xfrac_numerator_top_sep_dim=\dimen175
\l__xfrac_slash_left_sep_dim=\dimen176
\l__xfrac_slash_right_sep_dim=\dimen177
\l__xfrac_slash_left_muskip=\muskip19
\l__xfrac_slash_right_muskip=\muskip20

Package xtemplate Info: Declaring object type 'xfrac' taking 3 argument(s) on
(xtemplate)             line 80.

)
("C:\MiKTeX 2.9\tex/latex/tools\array.sty"
Package: array 2019/08/31 v2.4l Tabular extension package (FMi)
\col@sep=\dimen178
\ar@mcellbox=\box53
\extrarowheight=\dimen179
\NC@list=\toks22
\extratabsurround=\skip58
\backup@length=\skip59
\ar@cellbox=\box54
)
("C:\MiKTeX 2.9\tex/latex/tools\enumerate.sty"
Package: enumerate 2015/07/23 v3.00 enumerate extensions (DPC)
\@enLab=\toks23
)
("C:\MiKTeX 2.9\tex/latex/enumitem\enumitem.sty"
Package: enumitem 2019/06/20 v3.9 Customized lists
\labelindent=\skip60
\enit@outerparindent=\dimen180
\enit@toks=\toks24
\enit@inbox=\box55
\enit@count@id=\count282
\enitdp@description=\count283
)
("C:\MiKTeX 2.9\tex/latex/multirow\multirow.sty"
Package: multirow 2019/05/31 v2.5 Span multiple rows of a table
\multirow@colwidth=\skip61
\multirow@cntb=\count284
\multirow@dima=\skip62
\bigstrutjot=\dimen181
)
("C:\MiKTeX 2.9\tex/latex/units\units.sty"
Package: units 1998/08/04 v0.9b Typesetting units

("C:\MiKTeX 2.9\tex/latex/base\ifthen.sty"
Package: ifthen 2014/09/29 v1.1c Standard LaTeX ifthen package (DPC)
)
("C:\MiKTeX 2.9\tex/latex/units\nicefrac.sty"
Package: nicefrac 1998/08/04 v0.9b Nice fractions
\L@UnitsRaiseDisplaystyle=\skip63
\L@UnitsRaiseTextstyle=\skip64
\L@UnitsRaiseScriptstyle=\skip65
))
("C:\MiKTeX 2.9\tex/latex/preprint\fullpage.sty"
Package: fullpage 1999/02/23 1.1 (PWD)
\FP@margin=\skip66
)
("C:\MiKTeX 2.9\tex/latex/base\alltt.sty"
Package: alltt 1997/06/16 v2.0g defines alltt environment
)
("C:\MiKTeX 2.9\tex/latex/jknappen\mathrsfs.sty"
Package: mathrsfs 1996/01/01 Math RSFS package v1.0 (jk)
\symrsfs=\mathgroup9
)
("C:\MiKTeX 2.9\tex/generic/soul\soul.sty"
Package: soul 2003/11/17 v2.4 letterspacing/underlining (mf)
\SOUL@word=\toks25
\SOUL@lasttoken=\toks26
\SOUL@cmds=\toks27
\SOUL@buffer=\toks28
\SOUL@token=\toks29
\SOUL@spaceskip=\skip67
\SOUL@ttwidth=\dimen182
\SOUL@uldp=\dimen183
\SOUL@ulht=\dimen184
)
("C:\MiKTeX 2.9\tex/latex/pgfplots\pgfplots.sty"
("C:\MiKTeX 2.9\tex/generic/pgfplots\pgfplots.revision.tex")
Package: pgfplots 2020/02/29 v1.17 Data Visualization (1.17)

("C:\MiKTeX 2.9\tex/latex/pgf/frontendlayer\tikz.sty"
("C:\MiKTeX 2.9\tex/latex/pgf/basiclayer\pgf.sty"
("C:\MiKTeX 2.9\tex/latex/pgf/utilities\pgfrcs.sty"
("C:\MiKTeX 2.9\tex/generic/pgf/utilities\pgfutil-common.tex"
\pgfutil@everybye=\toks30
\pgfutil@tempdima=\dimen185
\pgfutil@tempdimb=\dimen186

("C:\MiKTeX 2.9\tex/generic/pgf/utilities\pgfutil-common-lists.tex"))
("C:\MiKTeX 2.9\tex/generic/pgf/utilities\pgfutil-latex.def"
\pgfutil@abb=\box56
)
("C:\MiKTeX 2.9\tex/generic/pgf/utilities\pgfrcs.code.tex"
("C:\MiKTeX 2.9\tex/generic/pgf\pgf.revision.tex")
Package: pgfrcs 2020/12/01 v3.1.7a (3.1.7a)
))
Package: pgf 2020/12/01 v3.1.7a (3.1.7a)

("C:\MiKTeX 2.9\tex/latex/pgf/basiclayer\pgfcore.sty"
("C:\MiKTeX 2.9\tex/latex/pgf/systemlayer\pgfsys.sty"
("C:\MiKTeX 2.9\tex/generic/pgf/systemlayer\pgfsys.code.tex"
Package: pgfsys 2020/12/01 v3.1.7a (3.1.7a)

("C:\MiKTeX 2.9\tex/generic/pgf/utilities\pgfkeys.code.tex"
\pgfkeys@pathtoks=\toks31
\pgfkeys@temptoks=\toks32

("C:\MiKTeX 2.9\tex/generic/pgf/utilities\pgfkeysfiltered.code.tex"
\pgfkeys@tmptoks=\toks33
))
\pgf@x=\dimen187
\pgf@y=\dimen188
\pgf@xa=\dimen189
\pgf@ya=\dimen190
\pgf@xb=\dimen191
\pgf@yb=\dimen192
\pgf@xc=\dimen193
\pgf@yc=\dimen194
\pgf@xd=\dimen195
\pgf@yd=\dimen196
\w@pgf@writea=\write3
\r@pgf@reada=\read2
\c@pgf@counta=\count285
\c@pgf@countb=\count286
\c@pgf@countc=\count287
\c@pgf@countd=\count288
\t@pgf@toka=\toks34
\t@pgf@tokb=\toks35
\t@pgf@tokc=\toks36
\pgf@sys@id@count=\count289

("C:\MiKTeX 2.9\tex/generic/pgf/systemlayer\pgf.cfg"
File: pgf.cfg 2020/12/01 v3.1.7a (3.1.7a)
)
Driver file for pgf: pgfsys-pdftex.def

("C:\MiKTeX 2.9\tex/generic/pgf/systemlayer\pgfsys-pdftex.def"
File: pgfsys-pdftex.def 2020/12/01 v3.1.7a (3.1.7a)

("C:\MiKTeX 2.9\tex/generic/pgf/systemlayer\pgfsys-common-pdf.def"
File: pgfsys-common-pdf.def 2020/12/01 v3.1.7a (3.1.7a)
)))
("C:\MiKTeX 2.9\tex/generic/pgf/systemlayer\pgfsyssoftpath.code.tex"
File: pgfsyssoftpath.code.tex 2020/12/01 v3.1.7a (3.1.7a)
\pgfsyssoftpath@smallbuffer@items=\count290
\pgfsyssoftpath@bigbuffer@items=\count291
)
("C:\MiKTeX 2.9\tex/generic/pgf/systemlayer\pgfsysprotocol.code.tex"
File: pgfsysprotocol.code.tex 2020/12/01 v3.1.7a (3.1.7a)
))
("C:\MiKTeX 2.9\tex/generic/pgf/basiclayer\pgfcore.code.tex"
Package: pgfcore 2020/12/01 v3.1.7a (3.1.7a)

("C:\MiKTeX 2.9\tex/generic/pgf/math\pgfmath.code.tex"
("C:\MiKTeX 2.9\tex/generic/pgf/math\pgfmathcalc.code.tex"
("C:\MiKTeX 2.9\tex/generic/pgf/math\pgfmathutil.code.tex")
("C:\MiKTeX 2.9\tex/generic/pgf/math\pgfmathparser.code.tex"
\pgfmath@dimen=\dimen197
\pgfmath@count=\count292
\pgfmath@box=\box57
\pgfmath@toks=\toks37
\pgfmath@stack@operand=\toks38
\pgfmath@stack@operation=\toks39
)
("C:\MiKTeX 2.9\tex/generic/pgf/math\pgfmathfunctions.code.tex"
("C:\MiKTeX 2.9\tex/generic/pgf/math\pgfmathfunctions.basic.code.tex")
("C:\MiKTeX 2.9\tex/generic/pgf/math\pgfmathfunctions.trigonometric.code.tex")
("C:\MiKTeX 2.9\tex/generic/pgf/math\pgfmathfunctions.random.code.tex")
("C:\MiKTeX 2.9\tex/generic/pgf/math\pgfmathfunctions.comparison.code.tex")
("C:\MiKTeX 2.9\tex/generic/pgf/math\pgfmathfunctions.base.code.tex")
("C:\MiKTeX 2.9\tex/generic/pgf/math\pgfmathfunctions.round.code.tex")
("C:\MiKTeX 2.9\tex/generic/pgf/math\pgfmathfunctions.misc.code.tex")
("C:\MiKTeX 2.9\tex/generic/pgf/math\pgfmathfunctions.integerarithmetics.code.t
ex"))) ("C:\MiKTeX 2.9\tex/generic/pgf/math\pgfmathfloat.code.tex"
\c@pgfmathroundto@lastzeros=\count293
))
("C:\MiKTeX 2.9\tex/generic/pgf/math\pgfint.code.tex")
("C:\MiKTeX 2.9\tex/generic/pgf/basiclayer\pgfcorepoints.code.tex"
File: pgfcorepoints.code.tex 2020/12/01 v3.1.7a (3.1.7a)
\pgf@picminx=\dimen198
\pgf@picmaxx=\dimen199
\pgf@picminy=\dimen256
\pgf@picmaxy=\dimen257
\pgf@pathminx=\dimen258
\pgf@pathmaxx=\dimen259
\pgf@pathminy=\dimen260
\pgf@pathmaxy=\dimen261
\pgf@xx=\dimen262
\pgf@xy=\dimen263
\pgf@yx=\dimen264
\pgf@yy=\dimen265
\pgf@zx=\dimen266
\pgf@zy=\dimen267
)
("C:\MiKTeX 2.9\tex/generic/pgf/basiclayer\pgfcorepathconstruct.code.tex"
File: pgfcorepathconstruct.code.tex 2020/12/01 v3.1.7a (3.1.7a)
\pgf@path@lastx=\dimen268
\pgf@path@lasty=\dimen269
)
("C:\MiKTeX 2.9\tex/generic/pgf/basiclayer\pgfcorepathusage.code.tex"
File: pgfcorepathusage.code.tex 2020/12/01 v3.1.7a (3.1.7a)
\pgf@shorten@end@additional=\dimen270
\pgf@shorten@start@additional=\dimen271
)
("C:\MiKTeX 2.9\tex/generic/pgf/basiclayer\pgfcorescopes.code.tex"
File: pgfcorescopes.code.tex 2020/12/01 v3.1.7a (3.1.7a)
\pgfpic=\box58
\pgf@hbox=\box59
\pgf@layerbox@main=\box60
\pgf@picture@serial@count=\count294
)
("C:\MiKTeX 2.9\tex/generic/pgf/basiclayer\pgfcoregraphicstate.code.tex"
File: pgfcoregraphicstate.code.tex 2020/12/01 v3.1.7a (3.1.7a)
\pgflinewidth=\dimen272
)
("C:\MiKTeX 2.9\tex/generic/pgf/basiclayer\pgfcoretransformations.code.tex"
File: pgfcoretransformations.code.tex 2020/12/01 v3.1.7a (3.1.7a)
\pgf@pt@x=\dimen273
\pgf@pt@y=\dimen274
\pgf@pt@temp=\dimen275
)
("C:\MiKTeX 2.9\tex/generic/pgf/basiclayer\pgfcorequick.code.tex"
File: pgfcorequick.code.tex 2020/12/01 v3.1.7a (3.1.7a)
)
("C:\MiKTeX 2.9\tex/generic/pgf/basiclayer\pgfcoreobjects.code.tex"
File: pgfcoreobjects.code.tex 2020/12/01 v3.1.7a (3.1.7a)
)
("C:\MiKTeX 2.9\tex/generic/pgf/basiclayer\pgfcorepathprocessing.code.tex"
File: pgfcorepathprocessing.code.tex 2020/12/01 v3.1.7a (3.1.7a)
)
("C:\MiKTeX 2.9\tex/generic/pgf/basiclayer\pgfcorearrows.code.tex"
File: pgfcorearrows.code.tex 2020/12/01 v3.1.7a (3.1.7a)
\pgfarrowsep=\dimen276
)
("C:\MiKTeX 2.9\tex/generic/pgf/basiclayer\pgfcoreshade.code.tex"
File: pgfcoreshade.code.tex 2020/12/01 v3.1.7a (3.1.7a)
\pgf@max=\dimen277
\pgf@sys@shading@range@num=\count295
\pgf@shadingcount=\count296
)
("C:\MiKTeX 2.9\tex/generic/pgf/basiclayer\pgfcoreimage.code.tex"
File: pgfcoreimage.code.tex 2020/12/01 v3.1.7a (3.1.7a)

("C:\MiKTeX 2.9\tex/generic/pgf/basiclayer\pgfcoreexternal.code.tex"
File: pgfcoreexternal.code.tex 2020/12/01 v3.1.7a (3.1.7a)
\pgfexternal@startupbox=\box61
))
("C:\MiKTeX 2.9\tex/generic/pgf/basiclayer\pgfcorelayers.code.tex"
File: pgfcorelayers.code.tex 2020/12/01 v3.1.7a (3.1.7a)
)
("C:\MiKTeX 2.9\tex/generic/pgf/basiclayer\pgfcoretransparency.code.tex"
File: pgfcoretransparency.code.tex 2020/12/01 v3.1.7a (3.1.7a)
)
("C:\MiKTeX 2.9\tex/generic/pgf/basiclayer\pgfcorepatterns.code.tex"
File: pgfcorepatterns.code.tex 2020/12/01 v3.1.7a (3.1.7a)
)
("C:\MiKTeX 2.9\tex/generic/pgf/basiclayer\pgfcorerdf.code.tex"
File: pgfcorerdf.code.tex 2020/12/01 v3.1.7a (3.1.7a)
)))
("C:\MiKTeX 2.9\tex/generic/pgf/modules\pgfmoduleshapes.code.tex"
File: pgfmoduleshapes.code.tex 2020/12/01 v3.1.7a (3.1.7a)
\pgfnodeparttextbox=\box62
)
("C:\MiKTeX 2.9\tex/generic/pgf/modules\pgfmoduleplot.code.tex"
File: pgfmoduleplot.code.tex 2020/12/01 v3.1.7a (3.1.7a)
)
("C:\MiKTeX 2.9\tex/latex/pgf/compatibility\pgfcomp-version-0-65.sty"
Package: pgfcomp-version-0-65 2020/12/01 v3.1.7a (3.1.7a)
\pgf@nodesepstart=\dimen278
\pgf@nodesepend=\dimen279
)
("C:\MiKTeX 2.9\tex/latex/pgf/compatibility\pgfcomp-version-1-18.sty"
Package: pgfcomp-version-1-18 2020/12/01 v3.1.7a (3.1.7a)
))
("C:\MiKTeX 2.9\tex/latex/pgf/utilities\pgffor.sty"
("C:\MiKTeX 2.9\tex/latex/pgf/utilities\pgfkeys.sty"
("C:\MiKTeX 2.9\tex/generic/pgf/utilities\pgfkeys.code.tex"))
("C:\MiKTeX 2.9\tex/latex/pgf/math\pgfmath.sty"
("C:\MiKTeX 2.9\tex/generic/pgf/math\pgfmath.code.tex"))
("C:\MiKTeX 2.9\tex/generic/pgf/utilities\pgffor.code.tex"
Package: pgffor 2020/12/01 v3.1.7a (3.1.7a)

("C:\MiKTeX 2.9\tex/generic/pgf/math\pgfmath.code.tex")
\pgffor@iter=\dimen280
\pgffor@skip=\dimen281
\pgffor@stack=\toks40
\pgffor@toks=\toks41
))
("C:\MiKTeX 2.9\tex/generic/pgf/frontendlayer/tikz\tikz.code.tex"
Package: tikz 2020/12/01 v3.1.7a (3.1.7a)

("C:\MiKTeX 2.9\tex/generic/pgf/libraries\pgflibraryplothandlers.code.tex"
File: pgflibraryplothandlers.code.tex 2020/12/01 v3.1.7a (3.1.7a)
\pgf@plot@mark@count=\count297
\pgfplotmarksize=\dimen282
)
\tikz@lastx=\dimen283
\tikz@lasty=\dimen284
\tikz@lastxsaved=\dimen285
\tikz@lastysaved=\dimen286
\tikz@lastmovetox=\dimen287
\tikz@lastmovetoy=\dimen288
\tikzleveldistance=\dimen289
\tikzsiblingdistance=\dimen290
\tikz@figbox=\box63
\tikz@figbox@bg=\box64
\tikz@tempbox=\box65
\tikz@tempbox@bg=\box66
\tikztreelevel=\count298
\tikznumberofchildren=\count299
\tikznumberofcurrentchild=\count300
\tikz@fig@count=\count301

("C:\MiKTeX 2.9\tex/generic/pgf/modules\pgfmodulematrix.code.tex"
File: pgfmodulematrix.code.tex 2020/12/01 v3.1.7a (3.1.7a)
\pgfmatrixcurrentrow=\count302
\pgfmatrixcurrentcolumn=\count303
\pgf@matrix@numberofcolumns=\count304
)
\tikz@expandcount=\count305

("C:\MiKTeX 2.9\tex/generic/pgf/frontendlayer/tikz/libraries\tikzlibrarytopaths
.code.tex"
File: tikzlibrarytopaths.code.tex 2020/12/01 v3.1.7a (3.1.7a)
))) ("C:\MiKTeX 2.9\tex/generic/pgfplots\pgfplots.code.tex"
("C:\MiKTeX 2.9\tex/generic/pgfplots\pgfplotscore.code.tex"
\t@pgfplots@toka=\toks42
\t@pgfplots@tokb=\toks43
\t@pgfplots@tokc=\toks44
\pgfplots@tmpa=\dimen291
\c@pgfplots@coordindex=\count306
\c@pgfplots@scanlineindex=\count307

("C:\MiKTeX 2.9\tex/generic/pgfplots/sys\pgfplotssysgeneric.code.tex"))
("C:\MiKTeX 2.9\tex/generic/pgfplots/libs\pgfplotslibrary.code.tex")
("C:\MiKTeX 2.9\tex/generic/pgfplots/oldpgfcompatib\pgfplotsoldpgfsupp_loader.c
ode.tex" ("C:\MiKTeX 2.9\tex/generic/pgf/libraries\pgflibraryfpu.code.tex"))
("C:\MiKTeX 2.9\tex/generic/pgfplots/util\pgfplotsutil.code.tex"
("C:\MiKTeX 2.9\tex/generic/pgfplots/liststructure\pgfplotsliststructure.code.t
ex")
("C:\MiKTeX 2.9\tex/generic/pgfplots/liststructure\pgfplotsliststructureext.cod
e.tex")
("C:\MiKTeX 2.9\tex/generic/pgfplots/liststructure\pgfplotsarray.code.tex"
\c@pgfplotsarray@tmp=\count308
)
("C:\MiKTeX 2.9\tex/generic/pgfplots/liststructure\pgfplotsmatrix.code.tex")
("C:\MiKTeX 2.9\tex/generic/pgfplots/numtable\pgfplotstableshared.code.tex"
\c@pgfplotstable@counta=\count309
\t@pgfplotstable@a=\toks45
)
("C:\MiKTeX 2.9\tex/generic/pgfplots/liststructure\pgfplotsdeque.code.tex")
("C:\MiKTeX 2.9\tex/generic/pgfplots/util\pgfplotsbinary.code.tex"
("C:\MiKTeX 2.9\tex/generic/pgfplots/util\pgfplotsbinary.data.code.tex"))
("C:\MiKTeX 2.9\tex/generic/pgfplots/util\pgfplotsutil.verb.code.tex")
("C:\MiKTeX 2.9\tex/generic/pgfplots/libs\pgflibrarypgfplots.surfshading.code.t
ex"
\c@pgfplotslibrarysurf@no=\count310

("C:\MiKTeX 2.9\tex/generic/pgfplots/sys\pgflibrarypgfplots.surfshading.pgfsys-
pdftex.def")))
("C:\MiKTeX 2.9\tex/generic/pgfplots/util\pgfplotscolormap.code.tex"
("C:\MiKTeX 2.9\tex/generic/pgfplots/util\pgfplotscolor.code.tex"))
("C:\MiKTeX 2.9\tex/generic/pgfplots\pgfplotsstackedplots.code.tex")
("C:\MiKTeX 2.9\tex/generic/pgfplots\pgfplotsplothandlers.code.tex"
("C:\MiKTeX 2.9\tex/generic/pgfplots\pgfplotsmeshplothandler.code.tex"
("C:\MiKTeX 2.9\tex/generic/pgfplots\pgfplotsmeshplotimage.code.tex")))
("C:\MiKTeX 2.9\tex/generic/pgfplots\pgfplots.scaling.code.tex")
("C:\MiKTeX 2.9\tex/generic/pgfplots\pgfplotscoordprocessing.code.tex")
("C:\MiKTeX 2.9\tex/generic/pgfplots\pgfplots.errorbars.code.tex")
("C:\MiKTeX 2.9\tex/generic/pgfplots\pgfplots.markers.code.tex")
("C:\MiKTeX 2.9\tex/generic/pgfplots\pgfplotsticks.code.tex")
("C:\MiKTeX 2.9\tex/generic/pgfplots\pgfplots.paths.code.tex")
("C:\MiKTeX 2.9\tex/generic/pgf/frontendlayer/tikz/libraries\tikzlibrarydecorat
ions.code.tex"
("C:\MiKTeX 2.9\tex/generic/pgf/modules\pgfmoduledecorations.code.tex"
\pgfdecoratedcompleteddistance=\dimen292
\pgfdecoratedremainingdistance=\dimen293
\pgfdecoratedinputsegmentcompleteddistance=\dimen294
\pgfdecoratedinputsegmentremainingdistance=\dimen295
\pgf@decorate@distancetomove=\dimen296
\pgf@decorate@repeatstate=\count311
\pgfdecorationsegmentamplitude=\dimen297
\pgfdecorationsegmentlength=\dimen298
)
\tikz@lib@dec@box=\box67
)
("C:\MiKTeX 2.9\tex/generic/pgf/frontendlayer/tikz/libraries\tikzlibrarydecorat
ions.pathmorphing.code.tex"
("C:\MiKTeX 2.9\tex/generic/pgf/libraries/decorations\pgflibrarydecorations.pat
hmorphing.code.tex"))
("C:\MiKTeX 2.9\tex/generic/pgf/frontendlayer/tikz/libraries\tikzlibrarydecorat
ions.pathreplacing.code.tex"
("C:\MiKTeX 2.9\tex/generic/pgf/libraries/decorations\pgflibrarydecorations.pat
hreplacing.code.tex"))
\pgfplots@numplots=\count312
\pgfplots@xmin@reg=\dimen299
\pgfplots@xmax@reg=\dimen300
\pgfplots@ymin@reg=\dimen301
\pgfplots@ymax@reg=\dimen302
\pgfplots@zmin@reg=\dimen303
\pgfplots@zmax@reg=\dimen304
)
("C:\MiKTeX 2.9\tex/generic/pgf/frontendlayer/tikz/libraries\tikzlibraryplotmar
ks.code.tex"
File: tikzlibraryplotmarks.code.tex 2020/12/01 v3.1.7a (3.1.7a)

("C:\MiKTeX 2.9\tex/generic/pgf/libraries\pgflibraryplotmarks.code.tex"
File: pgflibraryplotmarks.code.tex 2020/12/01 v3.1.7a (3.1.7a)
)))
("C:\MiKTeX 2.9\tex/latex/pdfpages\pdfpages.sty"
Package: pdfpages 2020/01/28 v0.5q Insert pages of external PDF documents (AM)

("C:\MiKTeX 2.9\tex/latex/eso-pic\eso-pic.sty"
Package: eso-pic 2020/10/14 v3.0a eso-pic (RN)
\ESO@tempdima=\dimen305
\ESO@tempdimb=\dimen306
)
\AM@pagewidth=\dimen307
\AM@pageheight=\dimen308

("C:\MiKTeX 2.9\tex/latex/pdfpages\pppdftex.def"
File: pppdftex.def 2020/01/28 v0.5q Pdfpages driver for pdfTeX (AM)
)
\AM@pagebox=\box68
\AM@global@opts=\toks46
\AM@pagecnt=\count313
\AM@toc@title=\toks47
\c@AM@survey=\count314
\AM@templatesizebox=\box69
)
(C:/PROGRA~1/R/R-41~1.1/share/texmf/tex/latex\Sweave.sty
Package: Sweave 

("C:\MiKTeX 2.9\tex/latex/fancyvrb\fancyvrb.sty"
Package: fancyvrb 2020/05/03 v3.6 verbatim text (tvz,hv)
\FV@CodeLineNo=\count315
\FV@InFile=\read3
\FV@TabBox=\box70
\c@FancyVerbLine=\count316
\FV@StepNumber=\count317
\FV@OutFile=\write4
)
("C:\MiKTeX 2.9\tex/latex/base\fontenc.sty"
Package: fontenc 2020/08/10 v2.0s Standard LaTeX package
) ("C:\MiKTeX 2.9\tex/latex/ae\ae.sty"
Package: ae 2001/02/12 1.3 Almost European Computer Modern
 ("C:\MiKTeX 2.9\tex/latex/base\fontenc.sty"
Package: fontenc 2020/08/10 v2.0s Standard LaTeX package
)))
LaTeX Font Info:    Trying to load font information for T1+aer on input line 51
.

("C:\MiKTeX 2.9\tex/latex/ae\t1aer.fd"
File: t1aer.fd 1997/11/16 Font definitions for T1/aer.
) (Thesis.aux)
\openout1 = `Thesis.aux'.

LaTeX Font Info:    Checking defaults for OML/cmm/m/it on input line 51.
LaTeX Font Info:    ... okay on input line 51.
LaTeX Font Info:    Checking defaults for OMS/cmsy/m/n on input line 51.
LaTeX Font Info:    ... okay on input line 51.
LaTeX Font Info:    Checking defaults for OT1/cmr/m/n on input line 51.
LaTeX Font Info:    ... okay on input line 51.
LaTeX Font Info:    Checking defaults for T1/cmr/m/n on input line 51.
LaTeX Font Info:    ... okay on input line 51.
LaTeX Font Info:    Checking defaults for TS1/cmr/m/n on input line 51.
LaTeX Font Info:    ... okay on input line 51.
LaTeX Font Info:    Checking defaults for OMX/cmex/m/n on input line 51.
LaTeX Font Info:    ... okay on input line 51.
LaTeX Font Info:    Checking defaults for U/cmr/m/n on input line 51.
LaTeX Font Info:    ... okay on input line 51.
LaTeX Font Info:    Checking defaults for PD1/pdf/m/n on input line 51.
LaTeX Font Info:    ... okay on input line 51.

*geometry* driver: auto-detecting
*geometry* detected driver: pdftex
*geometry* verbose mode - [ preamble ] result:
* driver: pdftex
* paper: a4paper
* layout: <same size as paper>
* layoutoffset:(h,v)=(0.0pt,0.0pt)
* modes: 
* h-part:(L,W,R)=(36.135pt, 525.23788pt, 36.135pt)
* v-part:(T,H,B)=(36.135pt, 772.77686pt, 36.135pt)
* \paperwidth=597.50787pt
* \paperheight=845.04684pt
* \textwidth=452.9679pt
* \textheight=670.50687pt
* \oddsidemargin=0.0pt
* \evensidemargin=0.0pt
* \topmargin=0.0pt
* \headheight=0.0pt
* \headsep=0.0pt
* \topskip=12.0pt
* \footskip=30.0pt
* \marginparwidth=35.0pt
* \marginparsep=10.0pt
* \columnsep=10.0pt
* \skip\footins=10.8pt plus 4.0pt minus 2.0pt
* \hoffset=0.0pt
* \voffset=0.0pt
* \mag=1000
* \@twocolumnfalse
* \@twosidefalse
* \@mparswitchfalse
* \@reversemarginfalse
* (1in=72.27pt=25.4mm, 1cm=28.453pt)

("C:\MiKTeX 2.9\tex/context/base/mkii\supp-pdf.mkii"
[Loading MPS to PDF converter (version 2006.09.02).]
\scratchcounter=\count318
\scratchdimen=\dimen309
\scratchbox=\box71
\nofMPsegments=\count319
\nofMParguments=\count320
\everyMPshowfont=\toks48
\MPscratchCnt=\count321
\MPscratchDim=\dimen310
\MPnumerator=\count322
\makeMPintoPDFobject=\count323
\everyMPtoPDFconversion=\toks49
) ("C:\MiKTeX 2.9\tex/latex/epstopdf-pkg\epstopdf-base.sty"
Package: epstopdf-base 2020-01-24 v2.11 Base part for package epstopdf

("C:\MiKTeX 2.9\tex/latex/grfext\grfext.sty"
Package: grfext 2019/12/03 v1.3 Manage graphics extensions (HO)
)
Package epstopdf-base Info: Redefining graphics rule for `.eps' on input line 4
85.
Package grfext Info: Graphics extension search list:
(grfext)             [.pdf,.png,.jpg,.mps,.jpeg,.jbig2,.jb2,.PDF,.PNG,.JPG,.JPE
G,.JBIG2,.JB2,.eps]
(grfext)             \AppendGraphicsExtensions on input line 504.
)
Package hyperref Info: Link coloring ON on input line 51.

("C:\MiKTeX 2.9\tex/latex/hyperref\nameref.sty"
Package: nameref 2019/09/16 v2.46 Cross-referencing by name of section

("C:\MiKTeX 2.9\tex/latex/refcount\refcount.sty"
Package: refcount 2019/12/15 v3.6 Data extraction from label references (HO)
)
("C:\MiKTeX 2.9\tex/generic/gettitlestring\gettitlestring.sty"
Package: gettitlestring 2019/12/15 v1.6 Cleanup title references (HO)
)
\c@section@level=\count324
)
LaTeX Info: Redefining \ref on input line 51.
LaTeX Info: Redefining \pageref on input line 51.
LaTeX Info: Redefining \nameref on input line 51.
 (Thesis.out)
(Thesis.out)
\@outlinefile=\write5
\openout5 = `Thesis.out'.



Package pgfplots Warning: running in backwards compatibility mode (unsuitable t
ick labels; missing features). Consider writing \pgfplotsset{compat=1.17} into 
your preamble.
 on input line 51.

("C:\MiKTeX 2.9\tex/latex/pdflscape\pdflscape.sty"
Package: pdflscape 2019/12/05 v0.12 Display of landscape pages in PDF (HO)

("C:\MiKTeX 2.9\tex/latex/graphics\lscape.sty"
Package: lscape 2020/05/28 v3.02 Landscape Pages (DPC)
)
Package pdflscape Info: Auto-detected driver: pdftex on input line 81.
)
<TitlePage_MastersThesis.pdf, id=182, 597.50829pt x 845.0471pt>
File: TitlePage_MastersThesis.pdf Graphic file (type pdf)
<use TitlePage_MastersThesis.pdf>
Package pdftex.def Info: TitlePage_MastersThesis.pdf  used on input line 52.
(pdftex.def)             Requested size: 362.37569pt x 512.49939pt.
File: TitlePage_MastersThesis.pdf Graphic file (type pdf)
<use TitlePage_MastersThesis.pdf>
Package pdftex.def Info: TitlePage_MastersThesis.pdf  used on input line 52.
(pdftex.def)             Requested size: 362.37569pt x 512.49939pt.
<TitlePage_MastersThesis.pdf, id=185, page=1, 597.50829pt x 845.0471pt>
File: TitlePage_MastersThesis.pdf Graphic file (type pdf)
<use TitlePage_MastersThesis.pdf, page 1>
Package pdftex.def Info: TitlePage_MastersThesis.pdf , page1 used on input line
 52.
(pdftex.def)             Requested size: 597.50682pt x 845.04504pt.
File: TitlePage_MastersThesis.pdf Graphic file (type pdf)
<use TitlePage_MastersThesis.pdf, page 1>
Package pdftex.def Info: TitlePage_MastersThesis.pdf , page1 used on input line
 52.
(pdftex.def)             Requested size: 597.53416pt x 845.08372pt.
File: TitlePage_MastersThesis.pdf Graphic file (type pdf)
<use TitlePage_MastersThesis.pdf, page 1>
Package pdftex.def Info: TitlePage_MastersThesis.pdf , page1 used on input line
 52.
(pdftex.def)             Requested size: 597.53416pt x 845.08372pt.
File: TitlePage_MastersThesis.pdf Graphic file (type pdf)
<use TitlePage_MastersThesis.pdf, page 1>
Package pdftex.def Info: TitlePage_MastersThesis.pdf , page1 used on input line
 52.
(pdftex.def)             Requested size: 597.53416pt x 845.08372pt.
File: TitlePage_MastersThesis.pdf Graphic file (type pdf)
<use TitlePage_MastersThesis.pdf, page 1>
Package pdftex.def Info: TitlePage_MastersThesis.pdf , page1 used on input line
 52.
(pdftex.def)             Requested size: 597.53416pt x 845.08372pt.
 [1

 <./TitlePage_MastersThesis.pdf{C:/Users/gabe/AppData/Local/MiKTeX/2.9/pdftex/c
onfig/pdftex.map}>]

pdfTeX warning: pdflatex.exe (file ./ThesisApprovalPage.pdf): PDF inclusion: fo
und PDF version <1.7>, but at most version <1.5> allowed
<ThesisApprovalPage.pdf, id=212, 614.295pt x 794.97pt>
File: ThesisApprovalPage.pdf Graphic file (type pdf)
<use ThesisApprovalPage.pdf>
Package pdftex.def Info: ThesisApprovalPage.pdf  used on input line 53.
(pdftex.def)             Requested size: 362.37569pt x 468.95546pt.


pdfTeX warning: pdflatex.exe (file ./ThesisApprovalPage.pdf): PDF inclusion: fo
und PDF version <1.7>, but at most version <1.5> allowed
File: ThesisApprovalPage.pdf Graphic file (type pdf)
<use ThesisApprovalPage.pdf>
Package pdftex.def Info: ThesisApprovalPage.pdf  used on input line 53.
(pdftex.def)             Requested size: 362.37569pt x 468.95546pt.


pdfTeX warning: pdflatex.exe (file ./ThesisApprovalPage.pdf): PDF inclusion: fo
und PDF version <1.7>, but at most version <1.5> allowed


pdfTeX warning: pdflatex.exe (file ./ThesisApprovalPage.pdf): PDF inclusion: fo
und PDF version <1.7>, but at most version <1.5> allowed
<ThesisApprovalPage.pdf, id=215, page=1, 614.295pt x 794.97pt>
File: ThesisApprovalPage.pdf Graphic file (type pdf)
<use ThesisApprovalPage.pdf, page 1>
Package pdftex.def Info: ThesisApprovalPage.pdf , page1 used on input line 53.
(pdftex.def)             Requested size: 614.29349pt x 794.96806pt.
File: ThesisApprovalPage.pdf Graphic file (type pdf)
<use ThesisApprovalPage.pdf, page 1>
Package pdftex.def Info: ThesisApprovalPage.pdf , page1 used on input line 53.
(pdftex.def)             Requested size: 597.78697pt x 773.60669pt.
File: ThesisApprovalPage.pdf Graphic file (type pdf)
<use ThesisApprovalPage.pdf, page 1>
Package pdftex.def Info: ThesisApprovalPage.pdf , page1 used on input line 53.
(pdftex.def)             Requested size: 597.78697pt x 773.60669pt.
File: ThesisApprovalPage.pdf Graphic file (type pdf)
<use ThesisApprovalPage.pdf, page 1>
Package pdftex.def Info: ThesisApprovalPage.pdf , page1 used on input line 53.
(pdftex.def)             Requested size: 597.78697pt x 773.60669pt.
File: ThesisApprovalPage.pdf Graphic file (type pdf)
<use ThesisApprovalPage.pdf, page 1>
Package pdftex.def Info: ThesisApprovalPage.pdf , page1 used on input line 53.
(pdftex.def)             Requested size: 597.78697pt x 773.60669pt.
[2 <./ThesisApprovalPage.pdf>] (Thesis-concordance.tex) (Thesis.toc
LaTeX Font Info:    Trying to load font information for U+msa on input line 3.

("C:\MiKTeX 2.9\tex/latex/amsfonts\umsa.fd"
File: umsa.fd 2013/01/14 v3.01 AMS symbols A
)
LaTeX Font Info:    Trying to load font information for U+msb on input line 3.

("C:\MiKTeX 2.9\tex/latex/amsfonts\umsb.fd"
File: umsb.fd 2013/01/14 v3.01 AMS symbols B
)
LaTeX Font Info:    Trying to load font information for U+rsfs on input line 3.


("C:\MiKTeX 2.9\tex/latex/jknappen\ursfs.fd"
File: ursfs.fd 1998/03/24 rsfs font definition file (jk)
) [3])
\tf@toc=\write6
\openout6 = `Thesis.toc'.

 [4]
LaTeX Font Info:    Trying to load font information for TS1+aer on input line 6
5.

(C:/PROGRA~1/R/R-41~1.1/share/texmf/tex/latex\ts1aer.fd
File: ts1aer.fd 
)
LaTeX Font Info:    Font shape `TS1/aer/m/n' in size <12> not available
(Font)              Font shape `TS1/cmr/m/n' tried instead on input line 65.
 [5]
Underfull \hbox (badness 10000) in paragraph at lines 83--84

 []

[6

]

Package amsmath Warning: Foreign command \atopwithdelims;
(amsmath)                \frac or \genfrac should be used instead
(amsmath)                 on input line 114.

[7

]
<Thesis-002.pdf, id=361, 433.62pt x 433.62pt>
File: Thesis-002.pdf Graphic file (type pdf)
<use Thesis-002.pdf>
Package pdftex.def Info: Thesis-002.pdf  used on input line 159.
(pdftex.def)             Requested size: 362.37569pt x 362.39232pt.
 [8

 <./Thesis-002.pdf>]
Underfull \hbox (badness 10000) in paragraph at lines 171--173

 []


Underfull \hbox (badness 10000) in paragraph at lines 199--200

 []

[9]
Underfull \hbox (badness 10000) in paragraph at lines 216--217

 []

<Thesis-003.pdf, id=380, 433.62pt x 433.62pt>
File: Thesis-003.pdf Graphic file (type pdf)
<use Thesis-003.pdf>
Package pdftex.def Info: Thesis-003.pdf  used on input line 230.
(pdftex.def)             Requested size: 362.37569pt x 362.39232pt.
[10] [11 <./Thesis-003.pdf>]
Underfull \hbox (badness 10000) in paragraph at lines 236--238

 []

[12

] [13]
Overfull \hbox (41.8812pt too wide) detected at line 347
[]
 []

[14]
Overfull \hbox (23.23816pt too wide) detected at line 380
[]
 []

[15]
Underfull \hbox (badness 10000) in paragraph at lines 394--395

 []


Underfull \hbox (badness 10000) in paragraph at lines 396--397

 []

<Thesis-004.pdf, id=414, 433.62pt x 433.62pt>
File: Thesis-004.pdf Graphic file (type pdf)
<use Thesis-004.pdf>
Package pdftex.def Info: Thesis-004.pdf  used on input line 411.
(pdftex.def)             Requested size: 362.37569pt x 362.39232pt.
[16] [17 <./Thesis-004.pdf>]
LaTeX Font Info:    Calculating math sizes for size <8.4> on input line 428.


LaTeX Font Warning: Font shape `OT1/cmr/m/n' in size <4.2> not available
(Font)              size <5> substituted on input line 428.


LaTeX Font Warning: Font shape `OML/cmm/m/it' in size <4.2> not available
(Font)              size <5> substituted on input line 428.


LaTeX Font Warning: Font shape `OMS/cmsy/m/n' in size <4.2> not available
(Font)              size <5> substituted on input line 428.


LaTeX Font Warning: Font shape `OT1/cmr/bx/n' in size <4.2> not available
(Font)              size <5> substituted on input line 428.


LaTeX Font Warning: Font shape `OML/cmm/b/it' in size <4.2> not available
(Font)              size <5> substituted on input line 428.


LaTeX Font Warning: Font shape `OMS/cmsy/b/n' in size <4.2> not available
(Font)              size <5> substituted on input line 428.


LaTeX Font Warning: Font shape `U/rsfs/m/n' in size <4.2> not available
(Font)              size <5> substituted on input line 428.


Underfull \hbox (badness 10000) in paragraph at lines 443--444

 []


Underfull \hbox (badness 10000) in paragraph at lines 445--446

 []

[18

]
Underfull \hbox (badness 10000) in paragraph at lines 467--468

 []


Underfull \hbox (badness 10000) in paragraph at lines 479--480

 []


Overfull \hbox (18.08081pt too wide) in paragraph at lines 487--488
 \T1/aer/b/n/12 3.4.1.2 R Im-ple-men-ta-tion[][] \T1/aer/m/n/12 Stan-dard for-m
at R func-tions dpred-NormIG(), ppred-NormIG(),
 []

[19]
Underfull \hbox (badness 10000) in paragraph at lines 501--502

 []


Underfull \hbox (badness 10000) in paragraph at lines 506--507

 []

[20]
<Thesis-005.pdf, id=450, 433.62pt x 433.62pt>
File: Thesis-005.pdf Graphic file (type pdf)
<use Thesis-005.pdf>
Package pdftex.def Info: Thesis-005.pdf  used on input line 534.
(pdftex.def)             Requested size: 362.37569pt x 362.39232pt.
 [21] [22 <./Thesis-005.pdf>]
Underfull \hbox (badness 10000) in paragraph at lines 558--559

 []

[23

]
Underfull \hbox (badness 10000) in paragraph at lines 599--602

 []


Underfull \hbox (badness 10000) in paragraph at lines 599--602

 []

<Thesis-006.pdf, id=470, 433.62pt x 433.62pt>
File: Thesis-006.pdf Graphic file (type pdf)
<use Thesis-006.pdf>
Package pdftex.def Info: Thesis-006.pdf  used on input line 603.
(pdftex.def)             Requested size: 362.37569pt x 362.39232pt.
[24]

Package hyperref Warning: Token not allowed in a PDF string (PDFDocEncoding):
(hyperref)                removing `math shift' on input line 606.


Package hyperref Warning: Token not allowed in a PDF string (PDFDocEncoding):
(hyperref)                removing `math shift' on input line 606.

[25 <./Thesis-006.pdf>] [26]
<Thesis-007.pdf, id=500, 433.62pt x 433.62pt>
File: Thesis-007.pdf Graphic file (type pdf)
<use Thesis-007.pdf>
Package pdftex.def Info: Thesis-007.pdf  used on input line 664.
(pdftex.def)             Requested size: 362.37569pt x 362.39232pt.
<Thesis-008.pdf, id=501, 433.62pt x 433.62pt>
File: Thesis-008.pdf Graphic file (type pdf)
<use Thesis-008.pdf>
Package pdftex.def Info: Thesis-008.pdf  used on input line 666.
(pdftex.def)             Requested size: 362.37569pt x 362.39232pt.
 [27 <./Thesis-007.pdf>]
<Thesis-009.pdf, id=515, 433.62pt x 433.62pt>
File: Thesis-009.pdf Graphic file (type pdf)
<use Thesis-009.pdf>
Package pdftex.def Info: Thesis-009.pdf  used on input line 695.
(pdftex.def)             Requested size: 362.37569pt x 362.39232pt.
 [28 <./Thesis-008.pdf>]
[29 <./Thesis-009.pdf>]

Package hyperref Warning: Token not allowed in a PDF string (PDFDocEncoding):
(hyperref)                removing `math shift' on input line 702.


Package hyperref Warning: Token not allowed in a PDF string (PDFDocEncoding):
(hyperref)                removing `math shift' on input line 702.

[30

]
<Thesis-010.pdf, id=541, 433.62pt x 433.62pt>
File: Thesis-010.pdf Graphic file (type pdf)
<use Thesis-010.pdf>
Package pdftex.def Info: Thesis-010.pdf  used on input line 770.
(pdftex.def)             Requested size: 362.37569pt x 362.39232pt.
 [31

 <./Thesis-010.pdf>]
Underfull \hbox (badness 10000) in paragraph at lines 789--790

 []


Underfull \hbox (badness 10000) in paragraph at lines 789--790

 []

<Thesis-011.pdf, id=553, 433.62pt x 433.62pt>
File: Thesis-011.pdf Graphic file (type pdf)
<use Thesis-011.pdf>
Package pdftex.def Info: Thesis-011.pdf  used on input line 791.
(pdftex.def)             Requested size: 362.37569pt x 362.39232pt.

Underfull \hbox (badness 10000) in paragraph at lines 800--801

 []

[32 <./Thesis-011.pdf>]
Underfull \hbox (badness 10000) in paragraph at lines 804--805

 []


Underfull \hbox (badness 10000) in paragraph at lines 806--808

 []


Underfull \hbox (badness 10000) in paragraph at lines 813--814

 []


Underfull \hbox (badness 10000) in paragraph at lines 820--821

 []

LaTeX Font Info:    Trying to load font information for T1+aett on input line 8
23.
("C:\MiKTeX 2.9\tex/latex/ae\t1aett.fd"
File: t1aett.fd 1997/11/16 Font definitions for T1/aett.
) [33] [34]
Underfull \hbox (badness 10000) in paragraph at lines 886--887

 []


Overfull \hbox (1.57745pt too wide) in paragraph at lines 902--903
\T1/aer/m/n/12 Constructing a Gibbs sam-pler to ap-prox-i-mate the joint pos-te
-rior dis-tri-bu-tion $\OML/cmm/m/it/12 p\OT1/cmr/m/n/12 (\OML/cmm/b/it/12 \OM
L/cmm/m/it/12 ; []\OMS/cmsy/m/n/12 j[]\OT1/cmr/m/n/12 )$
 []

[35

]
Overfull \hbox (0.347pt too wide) in paragraph at lines 917--918
[]\T1/aer/m/n/12 To cre-ate a sam-ple from the pre-dic-tive dis-tri-bu-tion of 
re-sponses: for each $\OML/cmm/m/it/12 s \OMS/cmsy/m/n/12 2 f\OT1/cmr/m/n/12 1\
OML/cmm/m/it/12 ; :::; S\OMS/cmsy/m/n/12 g$\T1/aer/m/n/12 ,
 []


Underfull \hbox (badness 10000) in paragraph at lines 940--941

 []

[36]
Overfull \hbox (119.5216pt too wide) detected at line 991
[]
 []

<Thesis-014.pdf, id=599, 433.62pt x 433.62pt>
File: Thesis-014.pdf Graphic file (type pdf)
<use Thesis-014.pdf>
Package pdftex.def Info: Thesis-014.pdf  used on input line 997.
(pdftex.def)             Requested size: 362.37569pt x 362.39232pt.
[37]
<Thesis-015.pdf, id=607, 433.62pt x 433.62pt>
File: Thesis-015.pdf Graphic file (type pdf)
<use Thesis-015.pdf>
Package pdftex.def Info: Thesis-015.pdf  used on input line 1005.
(pdftex.def)             Requested size: 362.37569pt x 362.39232pt.
 [38 <./Thesis-014.pdf>]
<Thesis-016.pdf, id=618, 433.62pt x 433.62pt>
File: Thesis-016.pdf Graphic file (type pdf)
<use Thesis-016.pdf>
Package pdftex.def Info: Thesis-016.pdf  used on input line 1007.
(pdftex.def)             Requested size: 362.37569pt x 362.39232pt.
 [39 <./Thesis-015.pdf>] [40 <./Thesis-016.pdf>]
<Thesis-017.pdf, id=639, 433.62pt x 433.62pt>
File: Thesis-017.pdf Graphic file (type pdf)
<use Thesis-017.pdf>
Package pdftex.def Info: Thesis-017.pdf  used on input line 1012.
(pdftex.def)             Requested size: 362.37569pt x 362.39232pt.

[41

 <./Thesis-017.pdf>]
<Thesis-018.pdf, id=650, 433.62pt x 433.62pt>
File: Thesis-018.pdf Graphic file (type pdf)
<use Thesis-018.pdf>
Package pdftex.def Info: Thesis-018.pdf  used on input line 1018.
(pdftex.def)             Requested size: 362.37569pt x 362.39232pt.
<Thesis-019.pdf, id=651, 433.62pt x 433.62pt>
File: Thesis-019.pdf Graphic file (type pdf)
<use Thesis-019.pdf>
Package pdftex.def Info: Thesis-019.pdf  used on input line 1022.
(pdftex.def)             Requested size: 362.37569pt x 362.39232pt.
 [42

 <./Thesis-018.pdf>] [43 <./Thesis-019.pdf>]
<Thesis-020.pdf, id=673, 433.62pt x 433.62pt>
File: Thesis-020.pdf Graphic file (type pdf)
<use Thesis-020.pdf>
Package pdftex.def Info: Thesis-020.pdf  used on input line 1030.
(pdftex.def)             Requested size: 362.37569pt x 362.39232pt.
<Thesis-021.pdf, id=674, 433.62pt x 433.62pt>
File: Thesis-021.pdf Graphic file (type pdf)
<use Thesis-021.pdf>
Package pdftex.def Info: Thesis-021.pdf  used on input line 1038.
(pdftex.def)             Requested size: 362.37569pt x 362.39232pt.

[44

 <./Thesis-020.pdf>]
<Thesis-022.pdf, id=684, 433.62pt x 433.62pt>
File: Thesis-022.pdf Graphic file (type pdf)
<use Thesis-022.pdf>
Package pdftex.def Info: Thesis-022.pdf  used on input line 1040.
(pdftex.def)             Requested size: 362.37569pt x 362.39232pt.
 [45 <./Thesis-021.pdf>]
<Thesis-023.pdf, id=695, 433.62pt x 433.62pt>
File: Thesis-023.pdf Graphic file (type pdf)
<use Thesis-023.pdf>
Package pdftex.def Info: Thesis-023.pdf  used on input line 1042.
(pdftex.def)             Requested size: 362.37569pt x 362.39232pt.
 [46 <./Thesis-022.pdf>]
<Thesis-024.pdf, id=706, 433.62pt x 433.62pt>
File: Thesis-024.pdf Graphic file (type pdf)
<use Thesis-024.pdf>
Package pdftex.def Info: Thesis-024.pdf  used on input line 1044.
(pdftex.def)             Requested size: 362.37569pt x 362.39232pt.

[47 <./Thesis-023.pdf>]
<Thesis-025.pdf, id=717, 433.62pt x 433.62pt>
File: Thesis-025.pdf Graphic file (type pdf)
<use Thesis-025.pdf>
Package pdftex.def Info: Thesis-025.pdf  used on input line 1046.
(pdftex.def)             Requested size: 362.37569pt x 362.39232pt.
 [48 <./Thesis-024.pdf>] [49 <./Thesis-025.pdf>]
[50

] (Thesis.aux)
Package rerunfilecheck Info: File `Thesis.out' has not changed.
(rerunfilecheck)             Checksum: 542B9F2F766D04C76700AD0DF2F1D535;3646.


LaTeX Font Warning: Size substitutions with differences
(Font)              up to 2.90001pt have occurred.

 ) 
Here is how much of TeX's memory you used:
 30657 strings out of 479696
 712757 string characters out of 2881701
 1158470 words of memory out of 3000000
 46976 multiletter control sequences out of 15000+200000
 447990 words of font info for 138 fonts, out of 3000000 for 9000
 1141 hyphenation exceptions out of 8191
 94i,20n,98p,1134b,609s stack positions out of 5000i,500n,10000p,200000b,50000s
 <C:\Users\gabe\AppData\Local\MiKTeX\2.9\fonts/pk/ljfour/jknappen/ec/dpi600\t
crm1200.pk><C:/MiKTeX 2.9/fonts/type1/public/amsfonts/cm/cmb10.pfb><C:/MiKTeX 2
.9/fonts/type1/public/amsfonts/cm/cmbx12.pfb><C:/MiKTeX 2.9/fonts/type1/public/
amsfonts/cm/cmbx8.pfb><C:/MiKTeX 2.9/fonts/type1/public/amsfonts/cm/cmcsc10.pfb
><C:/MiKTeX 2.9/fonts/type1/public/amsfonts/cm/cmex10.pfb><C:/MiKTeX 2.9/fonts/
type1/public/amsfonts/cmextra/cmex7.pfb><C:/MiKTeX 2.9/fonts/type1/public/amsfo
nts/cmextra/cmex8.pfb><C:/MiKTeX 2.9/fonts/type1/public/amsfonts/cm/cmmi12.pfb>
<C:/MiKTeX 2.9/fonts/type1/public/amsfonts/cm/cmmi6.pfb><C:/MiKTeX 2.9/fonts/ty
pe1/public/amsfonts/cm/cmmi8.pfb><C:/MiKTeX 2.9/fonts/type1/public/amsfonts/cm/
cmmib10.pfb><C:/MiKTeX 2.9/fonts/type1/public/amsfonts/cm/cmr12.pfb><C:/MiKTeX 
2.9/fonts/type1/public/amsfonts/cm/cmr17.pfb><C:/MiKTeX 2.9/fonts/type1/public/
amsfonts/cm/cmr6.pfb><C:/MiKTeX 2.9/fonts/type1/public/amsfonts/cm/cmr8.pfb><C:
/MiKTeX 2.9/fonts/type1/public/amsfonts/cm/cmsltt10.pfb><C:/MiKTeX 2.9/fonts/ty
pe1/public/amsfonts/cm/cmsy10.pfb><C:/MiKTeX 2.9/fonts/type1/public/amsfonts/cm
/cmsy6.pfb><C:/MiKTeX 2.9/fonts/type1/public/amsfonts/cm/cmsy8.pfb><C:/MiKTeX 2
.9/fonts/type1/public/amsfonts/cm/cmti12.pfb><C:/MiKTeX 2.9/fonts/type1/public/
amsfonts/cm/cmtt12.pfb><C:/MiKTeX 2.9/fonts/type1/public/amsfonts/latxfont/line
10.pfb>
Output written on Thesis.pdf (50 pages, 1227564 bytes).
PDF statistics:
 841 PDF objects out of 1000 (max. 8388607)
 131 named destinations out of 1000 (max. 500000)
 519 words of extra memory for PDF output out of 10000 (max. 10000000)

