This is pdfTeX, Version 3.14159265-2.6-1.40.21 (MiKTeX 20.12) (preloaded format=pdflatex 2020.12.28)  11 FEB 2022 16:14
entering extended mode
**./Thesis_v3.tex
(Thesis_v3.tex
LaTeX2e <2020-10-01> patch level 2
L3 programming layer <2020-12-07> xparse <2020-03-03>
("C:\MiKTeX 2.9\tex/latex/base\article.cls"
Document Class: article 2020/04/10 v1.4m Standard LaTeX document class
("C:\MiKTeX 2.9\tex/latex/base\size12.clo"
File: size12.clo 2020/04/10 v1.4m Standard LaTeX file (size option)
)
\c@part=\count177
\c@section=\count178
\c@subsection=\count179
\c@subsubsection=\count180
\c@paragraph=\count181
\c@subparagraph=\count182
\c@figure=\count183
\c@table=\count184
\abovecaptionskip=\skip47
\belowcaptionskip=\skip48
\bibindent=\dimen138
)
("C:\MiKTeX 2.9\tex/latex/geometry\geometry.sty"
Package: geometry 2020/01/02 v5.9 Page Geometry

("C:\MiKTeX 2.9\tex/latex/graphics\keyval.sty"
Package: keyval 2014/10/28 v1.15 key=value parser (DPC)
\KV@toks@=\toks15
)
("C:\MiKTeX 2.9\tex/generic/iftex\ifvtex.sty"
Package: ifvtex 2019/10/25 v1.7 ifvtex legacy package. Use iftex instead.

("C:\MiKTeX 2.9\tex/generic/iftex\iftex.sty"
Package: iftex 2020/03/06 v1.0d TeX engine tests
))
\Gm@cnth=\count185
\Gm@cntv=\count186
\c@Gm@tempcnt=\count187
\Gm@bindingoffset=\dimen139
\Gm@wd@mp=\dimen140
\Gm@odd@mp=\dimen141
\Gm@even@mp=\dimen142
\Gm@layoutwidth=\dimen143
\Gm@layoutheight=\dimen144
\Gm@layouthoffset=\dimen145
\Gm@layoutvoffset=\dimen146
\Gm@dimlist=\toks16

("C:\MiKTeX 2.9\tex/latex/geometry\geometry.cfg"))
("C:\MiKTeX 2.9\tex/latex/graphics\color.sty"
Package: color 2020/02/24 v1.2b Standard LaTeX Color (DPC)

("C:\MiKTeX 2.9\tex/latex/graphics-cfg\color.cfg"
File: color.cfg 2016/01/02 v1.6 sample color configuration
)
Package color Info: Driver file: pdftex.def on input line 147.

("C:\MiKTeX 2.9\tex/latex/graphics-def\pdftex.def"
File: pdftex.def 2020/10/05 v1.2a Graphics/color driver for pdftex
))
("C:\MiKTeX 2.9\tex/latex/xcolor\xcolor.sty"
Package: xcolor 2016/05/11 v2.12 LaTeX color extensions (UK)

("C:\MiKTeX 2.9\tex/latex/graphics-cfg\color.cfg"
File: color.cfg 2016/01/02 v1.6 sample color configuration
)
Package xcolor Info: Driver file: pdftex.def on input line 225.
LaTeX Info: Redefining \color on input line 709.
Package xcolor Info: Model `cmy' substituted by `cmy0' on input line 1348.
Package xcolor Info: Model `hsb' substituted by `rgb' on input line 1352.
Package xcolor Info: Model `RGB' extended on input line 1364.
Package xcolor Info: Model `HTML' substituted by `rgb' on input line 1366.
Package xcolor Info: Model `Hsb' substituted by `hsb' on input line 1367.
Package xcolor Info: Model `tHsb' substituted by `hsb' on input line 1368.
Package xcolor Info: Model `HSB' substituted by `hsb' on input line 1369.
Package xcolor Info: Model `Gray' substituted by `gray' on input line 1370.
Package xcolor Info: Model `wave' substituted by `hsb' on input line 1371.

("C:\MiKTeX 2.9\tex/latex/graphics\dvipsnam.def"
File: dvipsnam.def 2016/06/17 v3.0m Driver-dependent file (DPC,SPQR)
))
("C:\MiKTeX 2.9\tex/latex/hyperref\hyperref.sty"
Package: hyperref 2020-05-15 v7.00e Hypertext links for LaTeX

("C:\MiKTeX 2.9\tex/generic/ltxcmds\ltxcmds.sty"
Package: ltxcmds 2020-05-10 v1.25 LaTeX kernel commands for general use (HO)
)
("C:\MiKTeX 2.9\tex/generic/pdftexcmds\pdftexcmds.sty"
Package: pdftexcmds 2020-06-27 v0.33 Utility functions of pdfTeX for LuaTeX (HO
)

("C:\MiKTeX 2.9\tex/generic/infwarerr\infwarerr.sty"
Package: infwarerr 2019/12/03 v1.5 Providing info/warning/error messages (HO)
)
Package pdftexcmds Info: \pdf@primitive is available.
Package pdftexcmds Info: \pdf@ifprimitive is available.
Package pdftexcmds Info: \pdfdraftmode found.
)
("C:\MiKTeX 2.9\tex/generic/kvsetkeys\kvsetkeys.sty"
Package: kvsetkeys 2019/12/15 v1.18 Key value parser (HO)
)
("C:\MiKTeX 2.9\tex/generic/kvdefinekeys\kvdefinekeys.sty"
Package: kvdefinekeys 2019-12-19 v1.6 Define keys (HO)
)
("C:\MiKTeX 2.9\tex/generic/pdfescape\pdfescape.sty"
Package: pdfescape 2019/12/09 v1.15 Implements pdfTeX's escape features (HO)
)
("C:\MiKTeX 2.9\tex/latex/hycolor\hycolor.sty"
Package: hycolor 2020-01-27 v1.10 Color options for hyperref/bookmark (HO)
)
("C:\MiKTeX 2.9\tex/latex/letltxmacro\letltxmacro.sty"
Package: letltxmacro 2019/12/03 v1.6 Let assignment for LaTeX macros (HO)
)
("C:\MiKTeX 2.9\tex/latex/auxhook\auxhook.sty"
Package: auxhook 2019-12-17 v1.6 Hooks for auxiliary files (HO)
)
("C:\MiKTeX 2.9\tex/latex/kvoptions\kvoptions.sty"
Package: kvoptions 2020-10-07 v3.14 Key value format for package options (HO)
)
\@linkdim=\dimen147
\Hy@linkcounter=\count188
\Hy@pagecounter=\count189

("C:\MiKTeX 2.9\tex/latex/hyperref\pd1enc.def"
File: pd1enc.def 2020-05-15 v7.00e Hyperref: PDFDocEncoding definition (HO)
Now handling font encoding PD1 ...
... no UTF-8 mapping file for font encoding PD1
)
("C:\MiKTeX 2.9\tex/generic/intcalc\intcalc.sty"
Package: intcalc 2019/12/15 v1.3 Expandable calculations with integers (HO)
)
("C:\MiKTeX 2.9\tex/generic/etexcmds\etexcmds.sty"
Package: etexcmds 2019/12/15 v1.7 Avoid name clashes with e-TeX commands (HO)
)
\Hy@SavedSpaceFactor=\count190
Package hyperref Info: Hyper figures OFF on input line 4464.
Package hyperref Info: Link nesting OFF on input line 4469.
Package hyperref Info: Hyper index ON on input line 4472.
Package hyperref Info: Plain pages OFF on input line 4479.
Package hyperref Info: Backreferencing OFF on input line 4484.
Package hyperref Info: Implicit mode ON; LaTeX internals redefined.
Package hyperref Info: Bookmarks ON on input line 4717.
\c@Hy@tempcnt=\count191

("C:\MiKTeX 2.9\tex/latex/url\url.sty"
\Urlmuskip=\muskip16
Package: url 2013/09/16  ver 3.4  Verb mode for urls, etc.
)
LaTeX Info: Redefining \url on input line 5076.
\XeTeXLinkMargin=\dimen148

("C:\MiKTeX 2.9\tex/generic/bitset\bitset.sty"
Package: bitset 2019/12/09 v1.3 Handle bit-vector datatype (HO)

("C:\MiKTeX 2.9\tex/generic/bigintcalc\bigintcalc.sty"
Package: bigintcalc 2019/12/15 v1.5 Expandable calculations on big integers (HO
)
))
\Fld@menulength=\count192
\Field@Width=\dimen149
\Fld@charsize=\dimen150
Package hyperref Info: Hyper figures OFF on input line 6347.
Package hyperref Info: Link nesting OFF on input line 6352.
Package hyperref Info: Hyper index ON on input line 6355.
Package hyperref Info: backreferencing OFF on input line 6362.
Package hyperref Info: Link coloring OFF on input line 6367.
Package hyperref Info: Link coloring with OCG OFF on input line 6372.
Package hyperref Info: PDF/A mode OFF on input line 6377.
LaTeX Info: Redefining \ref on input line 6417.
LaTeX Info: Redefining \pageref on input line 6421.

("C:\MiKTeX 2.9\tex/latex/base\atbegshi-ltx.sty"
Package: atbegshi-ltx 2020/08/17 v1.0a Emulation of the original atbegshi packa
ge
with kernel methods
)
\Hy@abspage=\count193
\c@Item=\count194
\c@Hfootnote=\count195
)
Package hyperref Info: Driver (autodetected): hpdftex.

("C:\MiKTeX 2.9\tex/latex/hyperref\hpdftex.def"
File: hpdftex.def 2020-05-15 v7.00e Hyperref driver for pdfTeX

("C:\MiKTeX 2.9\tex/latex/base\atveryend-ltx.sty"
Package: atveryend-ltx 2020/08/19 v1.0a Emulation of the original atvery packag
e
with kernel methods
)
\Fld@listcount=\count196
\c@bookmark@seq@number=\count197

("C:\MiKTeX 2.9\tex/latex/rerunfilecheck\rerunfilecheck.sty"
Package: rerunfilecheck 2019/12/05 v1.9 Rerun checks for auxiliary files (HO)

("C:\MiKTeX 2.9\tex/generic/uniquecounter\uniquecounter.sty"
Package: uniquecounter 2019/12/15 v1.4 Provide unlimited unique counter (HO)
)
Package uniquecounter Info: New unique counter `rerunfilecheck' on input line 2
86.
)
\Hy@SectionHShift=\skip49
)
Package hyperref Info: Option `colorlinks' set `true' on input line 12.

("C:\MiKTeX 2.9\tex/latex/amsmath\amsmath.sty"
Package: amsmath 2020/09/23 v2.17i AMS math features
\@mathmargin=\skip50

For additional information on amsmath, use the `?' option.
("C:\MiKTeX 2.9\tex/latex/amsmath\amstext.sty"
Package: amstext 2000/06/29 v2.01 AMS text

("C:\MiKTeX 2.9\tex/latex/amsmath\amsgen.sty"
File: amsgen.sty 1999/11/30 v2.0 generic functions
\@emptytoks=\toks17
\ex@=\dimen151
))
("C:\MiKTeX 2.9\tex/latex/amsmath\amsbsy.sty"
Package: amsbsy 1999/11/29 v1.2d Bold Symbols
\pmbraise@=\dimen152
)
("C:\MiKTeX 2.9\tex/latex/amsmath\amsopn.sty"
Package: amsopn 2016/03/08 v2.02 operator names
)
\inf@bad=\count198
LaTeX Info: Redefining \frac on input line 234.
\uproot@=\count199
\leftroot@=\count266
LaTeX Info: Redefining \overline on input line 399.
\classnum@=\count267
\DOTSCASE@=\count268
LaTeX Info: Redefining \ldots on input line 496.
LaTeX Info: Redefining \dots on input line 499.
LaTeX Info: Redefining \cdots on input line 620.
\Mathstrutbox@=\box47
\strutbox@=\box48
\big@size=\dimen153
LaTeX Font Info:    Redeclaring font encoding OML on input line 743.
LaTeX Font Info:    Redeclaring font encoding OMS on input line 744.
\macc@depth=\count269
\c@MaxMatrixCols=\count270
\dotsspace@=\muskip17
\c@parentequation=\count271
\dspbrk@lvl=\count272
\tag@help=\toks18
\row@=\count273
\column@=\count274
\maxfields@=\count275
\andhelp@=\toks19
\eqnshift@=\dimen154
\alignsep@=\dimen155
\tagshift@=\dimen156
\tagwidth@=\dimen157
\totwidth@=\dimen158
\lineht@=\dimen159
\@envbody=\toks20
\multlinegap=\skip51
\multlinetaggap=\skip52
\mathdisplay@stack=\toks21
LaTeX Info: Redefining \[ on input line 2923.
LaTeX Info: Redefining \] on input line 2924.
)
("C:\MiKTeX 2.9\tex/latex/mathtools\mathtools.sty"
Package: mathtools 2020/03/24 v1.24 mathematical typesetting tools

("C:\MiKTeX 2.9\tex/latex/tools\calc.sty"
Package: calc 2017/05/25 v4.3 Infix arithmetic (KKT,FJ)
\calc@Acount=\count276
\calc@Bcount=\count277
\calc@Adimen=\dimen160
\calc@Bdimen=\dimen161
\calc@Askip=\skip53
\calc@Bskip=\skip54
LaTeX Info: Redefining \setlength on input line 80.
LaTeX Info: Redefining \addtolength on input line 81.
\calc@Ccount=\count278
\calc@Cskip=\skip55
)
("C:\MiKTeX 2.9\tex/latex/mathtools\mhsetup.sty"
Package: mhsetup 2017/03/31 v1.3 programming setup (MH)
)
LaTeX Info: Thecontrolsequence`\('isalreadyrobust on input line 130.
LaTeX Info: Thecontrolsequence`\)'isalreadyrobust on input line 130.
LaTeX Info: Thecontrolsequence`\['isalreadyrobust on input line 130.
LaTeX Info: Thecontrolsequence`\]'isalreadyrobust on input line 130.
\g_MT_multlinerow_int=\count279
\l_MT_multwidth_dim=\dimen162
\origjot=\skip56
\l_MT_shortvdotswithinadjustabove_dim=\dimen163
\l_MT_shortvdotswithinadjustbelow_dim=\dimen164
\l_MT_above_intertext_sep=\dimen165
\l_MT_below_intertext_sep=\dimen166
\l_MT_above_shortintertext_sep=\dimen167
\l_MT_below_shortintertext_sep=\dimen168
\xmathstrut@box=\box49
\xmathstrut@dim=\dimen169
)
("C:\MiKTeX 2.9\tex/latex/amsfonts\amssymb.sty"
Package: amssymb 2013/01/14 v3.01 AMS font symbols

("C:\MiKTeX 2.9\tex/latex/amsfonts\amsfonts.sty"
Package: amsfonts 2013/01/14 v3.01 Basic AMSFonts support
\symAMSa=\mathgroup4
\symAMSb=\mathgroup5
LaTeX Font Info:    Redeclaring math symbol \hbar on input line 98.
LaTeX Font Info:    Overwriting math alphabet `\mathfrak' in version `bold'
(Font)                  U/euf/m/n --> U/euf/b/n on input line 106.
))
("C:\MiKTeX 2.9\tex/latex/cancel\cancel.sty"
Package: cancel 2013/04/12 v2.2 Cancel math terms
)
("C:\MiKTeX 2.9\tex/latex/tools\bm.sty"
Package: bm 2019/07/24 v1.2d Bold Symbol Support (DPC/FMi)
\symboldoperators=\mathgroup6
\symboldletters=\mathgroup7
\symboldsymbols=\mathgroup8
LaTeX Font Info:    Redeclaring math alphabet \mathbf on input line 141.
LaTeX Info: Redefining \bm on input line 209.
)
("C:\MiKTeX 2.9\tex/latex/doublestroke\dsfont.sty"
Package: dsfont 1995/08/01 v0.1 Double stroke roman fonts
)
("C:\MiKTeX 2.9\tex/latex/booktabs\booktabs.sty"
Package: booktabs 2020/01/12 v1.61803398 Publication quality tables
\heavyrulewidth=\dimen170
\lightrulewidth=\dimen171
\cmidrulewidth=\dimen172
\belowrulesep=\dimen173
\belowbottomsep=\dimen174
\aboverulesep=\dimen175
\abovetopsep=\dimen176
\cmidrulesep=\dimen177
\cmidrulekern=\dimen178
\defaultaddspace=\dimen179
\@cmidla=\count280
\@cmidlb=\count281
\@aboverulesep=\dimen180
\@belowrulesep=\dimen181
\@thisruleclass=\count282
\@lastruleclass=\count283
\@thisrulewidth=\dimen182
)
("C:\MiKTeX 2.9\tex/latex/siunitx\siunitx.sty"
Package: siunitx 2022-01-05 v3.0.39 A comprehensive (SI) units package
\l__siunitx_angle_tmp_dim=\dimen183
\l__siunitx_angle_marker_box=\box50
\l__siunitx_angle_unit_box=\box51
\l__siunitx_compound_count_int=\count284

("C:\MiKTeX 2.9\tex/latex/translations\translations.sty"
Package: translations 2022/01/04 v1.11 internationalization of LaTeX2e packages
 (CN)

("C:\MiKTeX 2.9\tex/latex/etoolbox\etoolbox.sty"
Package: etoolbox 2020/10/05 v2.5k e-TeX tools for LaTeX (JAW)
\etb@tempcnta=\count285
))
\l__siunitx_number_exponent_fixed_int=\count286
\l__siunitx_number_min_decimal_int=\count287
\l__siunitx_number_min_integer_int=\count288
\l__siunitx_number_round_precision_int=\count289
\l__siunitx_number_group_minimum_int=\count290
\l__siunitx_table_tmp_box=\box52
\l__siunitx_table_tmp_dim=\dimen184
\l__siunitx_table_column_width_dim=\dimen185
\l__siunitx_table_integer_box=\box53
\l__siunitx_table_decimal_box=\box54
\l__siunitx_table_before_box=\box55
\l__siunitx_table_after_box=\box56
\l__siunitx_table_before_dim=\dimen186
\l__siunitx_table_carry_dim=\dimen187
\l__siunitx_unit_tmp_int=\count291
\l__siunitx_unit_position_int=\count292
\l__siunitx_unit_total_int=\count293

("C:\MiKTeX 2.9\tex/latex/l3packages/l3keys2e\l3keys2e.sty"
("C:\MiKTeX 2.9\tex/latex/l3kernel\expl3.sty"
Package: expl3 2020-12-07 L3 programming layer (loader) 

("C:\MiKTeX 2.9\tex/latex/l3backend\l3backend-pdftex.def"
File: l3backend-pdftex.def 2020-09-24 L3 backend support: PDF output (pdfTeX)
\l__kernel_color_stack_int=\count294
\l__pdf_internal_box=\box57
))
Package: l3keys2e 2020-10-27 LaTeX2e option processing using LaTeX3 keys
)

LaTeX3 Info: Defining command \DeclareSIPower with sig. '+m+mm' on line 7358.


LaTeX3 Info: Defining command \DeclareSIPrefix with sig. '+mmm' on line 7362.


LaTeX3 Info: Defining command \DeclareSIQualifier with sig. '+mm' on line
(LaTeX3)     7366.


LaTeX3 Info: Defining command \DeclareSIUnit with sig. 'o+mm' on line 7372.


LaTeX3 Info: Defining command \qty with sig. 'O{}m>{\TrimSpaces }m' on line
(LaTeX3)     7392.


LaTeX3 Info: Defining command \ang with sig. 'O{}>{\SplitArgument {2}{;}}m' on
(LaTeX3)     line 7400.


LaTeX3 Info: Defining command \num with sig. 'O{}m' on line 7409.


LaTeX3 Info: Defining command \unit with sig. 'O{}>{\TrimSpaces }m' on line
(LaTeX3)     7430.


LaTeX3 Info: Defining command \qtylist with sig. 'O{}>{\SplitList
(LaTeX3)     {;}}m>{\TrimSpaces }m' on line 7440.


LaTeX3 Info: Defining command \numlist with sig. 'O{}>{\SplitList {;}}m' on
(LaTeX3)     line 7448.


LaTeX3 Info: Defining command \qtyproduct with sig. 'O{}>{\SplitList
(LaTeX3)     {x}}m>{\TrimSpaces }m' on line 7458.


LaTeX3 Info: Defining command \numproduct with sig. 'O{}>{\SplitList
(LaTeX3)     {x}}>{\TrimSpaces }m' on line 7467.


LaTeX3 Info: Defining command \qtyrange with sig. 'O{}mm>{\TrimSpaces }m' on
(LaTeX3)     line 7476.


LaTeX3 Info: Defining command \numrange with sig. 'O{}mm' on line 7484.


LaTeX3 Info: Defining command \complexnum with sig. 'O{}m' on line 7492.


LaTeX3 Info: Defining command \complexqty with sig. 'O{}mm' on line 7501.


LaTeX3 Info: Defining command \tablenum with sig. 'O{}m' on line 7511.


LaTeX3 Info: Defining command \sisetup with sig. 'm' on line 7513.


("C:\MiKTeX 2.9\tex/latex/tools\array.sty"
Package: array 2019/08/31 v2.4l Tabular extension package (FMi)
\col@sep=\dimen188
\ar@mcellbox=\box58
\extrarowheight=\dimen189
\NC@list=\toks22
\extratabsurround=\skip57
\backup@length=\skip58
\ar@cellbox=\box59
)

LaTeX3 Info: Defining command \qty (pdfstring context) with sig. 'omm' on line
(LaTeX3)     7583.


LaTeX3 Info: Defining command \ang (pdfstring context) with sig. 'm' on line
(LaTeX3)     7584.


LaTeX3 Info: Defining command \num (pdfstring context) with sig. 'om' on line
(LaTeX3)     7585.


LaTeX3 Info: Defining command \unit (pdfstring context) with sig. 'om' on line
(LaTeX3)     7586.


LaTeX3 Info: Defining command \numlist (pdfstring context) with sig. 'om' on
(LaTeX3)     line 7593.


LaTeX3 Info: Defining command \qtylist (pdfstring context) with sig. 'omm' on
(LaTeX3)     line 7600.


LaTeX3 Info: Defining command \numproduct (pdfstring context) with sig. 'om'
(LaTeX3)     on line 7601.


LaTeX3 Info: Defining command \qtyproduct (pdfstring context) with sig. 'omm'
(LaTeX3)     on line 7602.


LaTeX3 Info: Defining command \numrange (pdfstring context) with sig. 'omm' on
(LaTeX3)     line 7604.


LaTeX3 Info: Defining command \qtyrange (pdfstring context) with sig. 'ommm'
(LaTeX3)     on line 7606.


LaTeX3 Info: Defining command \si (pdfstring context) with sig. 'om' on line
(LaTeX3)     7607.


LaTeX3 Info: Defining command \SI (pdfstring context) with sig. 'omO{}m' on
(LaTeX3)     line 7608.


LaTeX3 Info: Defining command \SIlist (pdfstring context) with sig. 'omm' on
(LaTeX3)     line 7615.


LaTeX3 Info: Defining command \SIrange (pdfstring context) with sig. 'ommm' on
(LaTeX3)     line 7617.


LaTeX3 Info: Defining command \DeclareBinaryPrefix with sig. '+mmm' on line
(LaTeX3)     7716.


LaTeX3 Info: Defining command \DeclareSIPrePower with sig. '+mm' on line 7721.


LaTeX3 Info: Defining command \DeclareSIPostPower with sig. '+mm' on line
(LaTeX3)     7726.


LaTeX3 Info: Defining command \si with sig. 'O{}m' on line 7735.


LaTeX3 Info: Defining command \SI with sig. 'O{}mom' on line 7749.


LaTeX3 Info: Defining command \SIlist with sig. 'O{}>{\SplitList
(LaTeX3)     {;}}m>{\TrimSpaces }m' on line 7759.


LaTeX3 Info: Defining command \SIrange with sig. 'O{}mm>{\TrimSpaces }m' on
(LaTeX3)     line 7768.


LaTeX3 Info: Defining command \SendSettingsToPgf with sig. '' on line 7955.

)
("C:\MiKTeX 2.9\tex/latex/graphics\graphicx.sty"
Package: graphicx 2020/09/09 v1.2b Enhanced LaTeX Graphics (DPC,SPQR)

("C:\MiKTeX 2.9\tex/latex/graphics\graphics.sty"
Package: graphics 2020/08/30 v1.4c Standard LaTeX Graphics (DPC,SPQR)

("C:\MiKTeX 2.9\tex/latex/graphics\trig.sty"
Package: trig 2016/01/03 v1.10 sin cos tan (DPC)
)
("C:\MiKTeX 2.9\tex/latex/graphics-cfg\graphics.cfg"
File: graphics.cfg 2016/06/04 v1.11 sample graphics configuration
)
Package graphics Info: Driver file: pdftex.def on input line 105.
)
\Gin@req@height=\dimen190
\Gin@req@width=\dimen191
)
("C:\MiKTeX 2.9\tex/latex/wrapfig\wrapfig.sty"
\wrapoverhang=\dimen192
\WF@size=\dimen193
\c@WF@wrappedlines=\count295
\WF@box=\box60
\WF@everypar=\toks23
Package: wrapfig 2003/01/31  v 3.6
)
("C:\MiKTeX 2.9\tex/latex/caption\caption.sty"
Package: caption 2020/10/26 v3.5g Customizing captions (AR)

("C:\MiKTeX 2.9\tex/latex/caption\caption3.sty"
Package: caption3 2020/10/21 v2.2e caption3 kernel (AR)
\captionmargin=\dimen194
\captionmargin@=\dimen195
\captionwidth=\dimen196
\caption@tempdima=\dimen197
\caption@indent=\dimen198
\caption@parindent=\dimen199
\caption@hangindent=\dimen256
Package caption Info: Standard document class detected.
)
\c@caption@flags=\count296
\c@continuedfloat=\count297
Package caption Info: hyperref package is loaded.
Package caption Info: wrapfig package is loaded.
)
("C:\MiKTeX 2.9\tex/latex/l3packages/xfrac\xfrac.sty"
("C:\MiKTeX 2.9\tex/latex/base\textcomp.sty"
Package: textcomp 2020/02/02 v2.0n Standard LaTeX package
)
("C:\MiKTeX 2.9\tex/latex/l3packages/xparse\xparse.sty"
Package: xparse 2020-10-27 L3 Experimental document command parser

("C:\MiKTeX 2.9\tex/latex/l3packages/xparse\xparse-generic.tex"))
("C:\MiKTeX 2.9\tex/latex/l3packages/xtemplate\xtemplate.sty"
Package: xtemplate 2020-10-27 L3 Experimental prototype document functions
\l__xtemplate_tmp_dim=\dimen257
\l__xtemplate_tmp_int=\count298
\l__xtemplate_tmp_muskip=\muskip18
\l__xtemplate_tmp_skip=\skip59
)
Package: xfrac 2020-10-27 L3 Experimental split-level fractions
\l__xfrac_slash_box=\box61
\l__xfrac_tmp_box=\box62
\l__xfrac_denominator_bot_sep_dim=\dimen258
\l__xfrac_numerator_bot_sep_dim=\dimen259
\l__xfrac_numerator_top_sep_dim=\dimen260
\l__xfrac_slash_left_sep_dim=\dimen261
\l__xfrac_slash_right_sep_dim=\dimen262
\l__xfrac_slash_left_muskip=\muskip19
\l__xfrac_slash_right_muskip=\muskip20

Package xtemplate Info: Declaring object type 'xfrac' taking 3 argument(s) on
(xtemplate)             line 80.

)
("C:\MiKTeX 2.9\tex/latex/ulem\ulem.sty"
\UL@box=\box63
\UL@hyphenbox=\box64
\UL@skip=\skip60
\UL@hook=\toks24
\UL@height=\dimen263
\UL@pe=\count299
\UL@pixel=\dimen264
\ULC@box=\box65
Package: ulem 2019/11/18
\ULdepth=\dimen265
)
("C:\MiKTeX 2.9\tex/latex/tools\enumerate.sty"
Package: enumerate 2015/07/23 v3.00 enumerate extensions (DPC)
\@enLab=\toks25
)
("C:\MiKTeX 2.9\tex/latex/enumitem\enumitem.sty"
Package: enumitem 2019/06/20 v3.9 Customized lists
\labelindent=\skip61
\enit@outerparindent=\dimen266
\enit@toks=\toks26
\enit@inbox=\box66
\enit@count@id=\count300
\enitdp@description=\count301
)
("C:\MiKTeX 2.9\tex/latex/multirow\multirow.sty"
Package: multirow 2019/05/31 v2.5 Span multiple rows of a table
\multirow@colwidth=\skip62
\multirow@cntb=\count302
\multirow@dima=\skip63
\bigstrutjot=\dimen267
)
("C:\MiKTeX 2.9\tex/latex/units\units.sty"
Package: units 1998/08/04 v0.9b Typesetting units

("C:\MiKTeX 2.9\tex/latex/base\ifthen.sty"
Package: ifthen 2014/09/29 v1.1c Standard LaTeX ifthen package (DPC)
)
("C:\MiKTeX 2.9\tex/latex/units\nicefrac.sty"
Package: nicefrac 1998/08/04 v0.9b Nice fractions
\L@UnitsRaiseDisplaystyle=\skip64
\L@UnitsRaiseTextstyle=\skip65
\L@UnitsRaiseScriptstyle=\skip66
)
LaTeX Info: Redefining \unit on input line 41.
)
("C:\MiKTeX 2.9\tex/latex/preprint\fullpage.sty"
Package: fullpage 1999/02/23 1.1 (PWD)
\FP@margin=\skip67
)
("C:\MiKTeX 2.9\tex/latex/base\alltt.sty"
Package: alltt 1997/06/16 v2.0g defines alltt environment
)
("C:\MiKTeX 2.9\tex/latex/jknappen\mathrsfs.sty"
Package: mathrsfs 1996/01/01 Math RSFS package v1.0 (jk)
\symrsfs=\mathgroup9
)
("C:\MiKTeX 2.9\tex/generic/soul\soul.sty"
Package: soul 2003/11/17 v2.4 letterspacing/underlining (mf)
\SOUL@word=\toks27
\SOUL@lasttoken=\toks28
\SOUL@cmds=\toks29
\SOUL@buffer=\toks30
\SOUL@token=\toks31
\SOUL@spaceskip=\skip68
\SOUL@ttwidth=\dimen268
\SOUL@uldp=\dimen269
\SOUL@ulht=\dimen270
)
("C:\MiKTeX 2.9\tex/latex/pgfplots\pgfplots.sty"
("C:\MiKTeX 2.9\tex/generic/pgfplots\pgfplots.revision.tex")
Package: pgfplots 2020/02/29 v1.17 Data Visualization (1.17)

("C:\MiKTeX 2.9\tex/latex/pgf/frontendlayer\tikz.sty"
("C:\MiKTeX 2.9\tex/latex/pgf/basiclayer\pgf.sty"
("C:\MiKTeX 2.9\tex/latex/pgf/utilities\pgfrcs.sty"
("C:\MiKTeX 2.9\tex/generic/pgf/utilities\pgfutil-common.tex"
\pgfutil@everybye=\toks32
\pgfutil@tempdima=\dimen271
\pgfutil@tempdimb=\dimen272

("C:\MiKTeX 2.9\tex/generic/pgf/utilities\pgfutil-common-lists.tex"))
("C:\MiKTeX 2.9\tex/generic/pgf/utilities\pgfutil-latex.def"
\pgfutil@abb=\box67
)
("C:\MiKTeX 2.9\tex/generic/pgf/utilities\pgfrcs.code.tex"
("C:\MiKTeX 2.9\tex/generic/pgf\pgf.revision.tex")
Package: pgfrcs 2020/12/01 v3.1.7a (3.1.7a)
))
Package: pgf 2020/12/01 v3.1.7a (3.1.7a)

("C:\MiKTeX 2.9\tex/latex/pgf/basiclayer\pgfcore.sty"
("C:\MiKTeX 2.9\tex/latex/pgf/systemlayer\pgfsys.sty"
("C:\MiKTeX 2.9\tex/generic/pgf/systemlayer\pgfsys.code.tex"
Package: pgfsys 2020/12/01 v3.1.7a (3.1.7a)

("C:\MiKTeX 2.9\tex/generic/pgf/utilities\pgfkeys.code.tex"
\pgfkeys@pathtoks=\toks33
\pgfkeys@temptoks=\toks34

("C:\MiKTeX 2.9\tex/generic/pgf/utilities\pgfkeysfiltered.code.tex"
\pgfkeys@tmptoks=\toks35
))
\pgf@x=\dimen273
\pgf@y=\dimen274
\pgf@xa=\dimen275
\pgf@ya=\dimen276
\pgf@xb=\dimen277
\pgf@yb=\dimen278
\pgf@xc=\dimen279
\pgf@yc=\dimen280
\pgf@xd=\dimen281
\pgf@yd=\dimen282
\w@pgf@writea=\write3
\r@pgf@reada=\read2
\c@pgf@counta=\count303
\c@pgf@countb=\count304
\c@pgf@countc=\count305
\c@pgf@countd=\count306
\t@pgf@toka=\toks36
\t@pgf@tokb=\toks37
\t@pgf@tokc=\toks38
\pgf@sys@id@count=\count307

("C:\MiKTeX 2.9\tex/generic/pgf/systemlayer\pgf.cfg"
File: pgf.cfg 2020/12/01 v3.1.7a (3.1.7a)
)
Driver file for pgf: pgfsys-pdftex.def

("C:\MiKTeX 2.9\tex/generic/pgf/systemlayer\pgfsys-pdftex.def"
File: pgfsys-pdftex.def 2020/12/01 v3.1.7a (3.1.7a)

("C:\MiKTeX 2.9\tex/generic/pgf/systemlayer\pgfsys-common-pdf.def"
File: pgfsys-common-pdf.def 2020/12/01 v3.1.7a (3.1.7a)
)))
("C:\MiKTeX 2.9\tex/generic/pgf/systemlayer\pgfsyssoftpath.code.tex"
File: pgfsyssoftpath.code.tex 2020/12/01 v3.1.7a (3.1.7a)
\pgfsyssoftpath@smallbuffer@items=\count308
\pgfsyssoftpath@bigbuffer@items=\count309
)
("C:\MiKTeX 2.9\tex/generic/pgf/systemlayer\pgfsysprotocol.code.tex"
File: pgfsysprotocol.code.tex 2020/12/01 v3.1.7a (3.1.7a)
))
("C:\MiKTeX 2.9\tex/generic/pgf/basiclayer\pgfcore.code.tex"
Package: pgfcore 2020/12/01 v3.1.7a (3.1.7a)

("C:\MiKTeX 2.9\tex/generic/pgf/math\pgfmath.code.tex"
("C:\MiKTeX 2.9\tex/generic/pgf/math\pgfmathcalc.code.tex"
("C:\MiKTeX 2.9\tex/generic/pgf/math\pgfmathutil.code.tex")
("C:\MiKTeX 2.9\tex/generic/pgf/math\pgfmathparser.code.tex"
\pgfmath@dimen=\dimen283
\pgfmath@count=\count310
\pgfmath@box=\box68
\pgfmath@toks=\toks39
\pgfmath@stack@operand=\toks40
\pgfmath@stack@operation=\toks41
)
("C:\MiKTeX 2.9\tex/generic/pgf/math\pgfmathfunctions.code.tex"
("C:\MiKTeX 2.9\tex/generic/pgf/math\pgfmathfunctions.basic.code.tex")
("C:\MiKTeX 2.9\tex/generic/pgf/math\pgfmathfunctions.trigonometric.code.tex")
("C:\MiKTeX 2.9\tex/generic/pgf/math\pgfmathfunctions.random.code.tex")
("C:\MiKTeX 2.9\tex/generic/pgf/math\pgfmathfunctions.comparison.code.tex")
("C:\MiKTeX 2.9\tex/generic/pgf/math\pgfmathfunctions.base.code.tex")
("C:\MiKTeX 2.9\tex/generic/pgf/math\pgfmathfunctions.round.code.tex")
("C:\MiKTeX 2.9\tex/generic/pgf/math\pgfmathfunctions.misc.code.tex")
("C:\MiKTeX 2.9\tex/generic/pgf/math\pgfmathfunctions.integerarithmetics.code.t
ex"))) ("C:\MiKTeX 2.9\tex/generic/pgf/math\pgfmathfloat.code.tex"
\c@pgfmathroundto@lastzeros=\count311
))
("C:\MiKTeX 2.9\tex/generic/pgf/math\pgfint.code.tex")
("C:\MiKTeX 2.9\tex/generic/pgf/basiclayer\pgfcorepoints.code.tex"
File: pgfcorepoints.code.tex 2020/12/01 v3.1.7a (3.1.7a)
\pgf@picminx=\dimen284
\pgf@picmaxx=\dimen285
\pgf@picminy=\dimen286
\pgf@picmaxy=\dimen287
\pgf@pathminx=\dimen288
\pgf@pathmaxx=\dimen289
\pgf@pathminy=\dimen290
\pgf@pathmaxy=\dimen291
\pgf@xx=\dimen292
\pgf@xy=\dimen293
\pgf@yx=\dimen294
\pgf@yy=\dimen295
\pgf@zx=\dimen296
\pgf@zy=\dimen297
)
("C:\MiKTeX 2.9\tex/generic/pgf/basiclayer\pgfcorepathconstruct.code.tex"
File: pgfcorepathconstruct.code.tex 2020/12/01 v3.1.7a (3.1.7a)
\pgf@path@lastx=\dimen298
\pgf@path@lasty=\dimen299
)
("C:\MiKTeX 2.9\tex/generic/pgf/basiclayer\pgfcorepathusage.code.tex"
File: pgfcorepathusage.code.tex 2020/12/01 v3.1.7a (3.1.7a)
\pgf@shorten@end@additional=\dimen300
\pgf@shorten@start@additional=\dimen301
)
("C:\MiKTeX 2.9\tex/generic/pgf/basiclayer\pgfcorescopes.code.tex"
File: pgfcorescopes.code.tex 2020/12/01 v3.1.7a (3.1.7a)
\pgfpic=\box69
\pgf@hbox=\box70
\pgf@layerbox@main=\box71
\pgf@picture@serial@count=\count312
)
("C:\MiKTeX 2.9\tex/generic/pgf/basiclayer\pgfcoregraphicstate.code.tex"
File: pgfcoregraphicstate.code.tex 2020/12/01 v3.1.7a (3.1.7a)
\pgflinewidth=\dimen302
)
("C:\MiKTeX 2.9\tex/generic/pgf/basiclayer\pgfcoretransformations.code.tex"
File: pgfcoretransformations.code.tex 2020/12/01 v3.1.7a (3.1.7a)
\pgf@pt@x=\dimen303
\pgf@pt@y=\dimen304
\pgf@pt@temp=\dimen305
)
("C:\MiKTeX 2.9\tex/generic/pgf/basiclayer\pgfcorequick.code.tex"
File: pgfcorequick.code.tex 2020/12/01 v3.1.7a (3.1.7a)
)
("C:\MiKTeX 2.9\tex/generic/pgf/basiclayer\pgfcoreobjects.code.tex"
File: pgfcoreobjects.code.tex 2020/12/01 v3.1.7a (3.1.7a)
)
("C:\MiKTeX 2.9\tex/generic/pgf/basiclayer\pgfcorepathprocessing.code.tex"
File: pgfcorepathprocessing.code.tex 2020/12/01 v3.1.7a (3.1.7a)
)
("C:\MiKTeX 2.9\tex/generic/pgf/basiclayer\pgfcorearrows.code.tex"
File: pgfcorearrows.code.tex 2020/12/01 v3.1.7a (3.1.7a)
\pgfarrowsep=\dimen306
)
("C:\MiKTeX 2.9\tex/generic/pgf/basiclayer\pgfcoreshade.code.tex"
File: pgfcoreshade.code.tex 2020/12/01 v3.1.7a (3.1.7a)
\pgf@max=\dimen307
\pgf@sys@shading@range@num=\count313
\pgf@shadingcount=\count314
)
("C:\MiKTeX 2.9\tex/generic/pgf/basiclayer\pgfcoreimage.code.tex"
File: pgfcoreimage.code.tex 2020/12/01 v3.1.7a (3.1.7a)

("C:\MiKTeX 2.9\tex/generic/pgf/basiclayer\pgfcoreexternal.code.tex"
File: pgfcoreexternal.code.tex 2020/12/01 v3.1.7a (3.1.7a)
\pgfexternal@startupbox=\box72
))
("C:\MiKTeX 2.9\tex/generic/pgf/basiclayer\pgfcorelayers.code.tex"
File: pgfcorelayers.code.tex 2020/12/01 v3.1.7a (3.1.7a)
)
("C:\MiKTeX 2.9\tex/generic/pgf/basiclayer\pgfcoretransparency.code.tex"
File: pgfcoretransparency.code.tex 2020/12/01 v3.1.7a (3.1.7a)
)
("C:\MiKTeX 2.9\tex/generic/pgf/basiclayer\pgfcorepatterns.code.tex"
File: pgfcorepatterns.code.tex 2020/12/01 v3.1.7a (3.1.7a)
)
("C:\MiKTeX 2.9\tex/generic/pgf/basiclayer\pgfcorerdf.code.tex"
File: pgfcorerdf.code.tex 2020/12/01 v3.1.7a (3.1.7a)
)))
("C:\MiKTeX 2.9\tex/generic/pgf/modules\pgfmoduleshapes.code.tex"
File: pgfmoduleshapes.code.tex 2020/12/01 v3.1.7a (3.1.7a)
\pgfnodeparttextbox=\box73
)
("C:\MiKTeX 2.9\tex/generic/pgf/modules\pgfmoduleplot.code.tex"
File: pgfmoduleplot.code.tex 2020/12/01 v3.1.7a (3.1.7a)
)
("C:\MiKTeX 2.9\tex/latex/pgf/compatibility\pgfcomp-version-0-65.sty"
Package: pgfcomp-version-0-65 2020/12/01 v3.1.7a (3.1.7a)
\pgf@nodesepstart=\dimen308
\pgf@nodesepend=\dimen309
)
("C:\MiKTeX 2.9\tex/latex/pgf/compatibility\pgfcomp-version-1-18.sty"
Package: pgfcomp-version-1-18 2020/12/01 v3.1.7a (3.1.7a)
))
("C:\MiKTeX 2.9\tex/latex/pgf/utilities\pgffor.sty"
("C:\MiKTeX 2.9\tex/latex/pgf/utilities\pgfkeys.sty"
("C:\MiKTeX 2.9\tex/generic/pgf/utilities\pgfkeys.code.tex"))
("C:\MiKTeX 2.9\tex/latex/pgf/math\pgfmath.sty"
("C:\MiKTeX 2.9\tex/generic/pgf/math\pgfmath.code.tex"))
("C:\MiKTeX 2.9\tex/generic/pgf/utilities\pgffor.code.tex"
Package: pgffor 2020/12/01 v3.1.7a (3.1.7a)

("C:\MiKTeX 2.9\tex/generic/pgf/math\pgfmath.code.tex")
\pgffor@iter=\dimen310
\pgffor@skip=\dimen311
\pgffor@stack=\toks42
\pgffor@toks=\toks43
))
("C:\MiKTeX 2.9\tex/generic/pgf/frontendlayer/tikz\tikz.code.tex"
Package: tikz 2020/12/01 v3.1.7a (3.1.7a)

("C:\MiKTeX 2.9\tex/generic/pgf/libraries\pgflibraryplothandlers.code.tex"
File: pgflibraryplothandlers.code.tex 2020/12/01 v3.1.7a (3.1.7a)
\pgf@plot@mark@count=\count315
\pgfplotmarksize=\dimen312
)
\tikz@lastx=\dimen313
\tikz@lasty=\dimen314
\tikz@lastxsaved=\dimen315
\tikz@lastysaved=\dimen316
\tikz@lastmovetox=\dimen317
\tikz@lastmovetoy=\dimen318
\tikzleveldistance=\dimen319
\tikzsiblingdistance=\dimen320
\tikz@figbox=\box74
\tikz@figbox@bg=\box75
\tikz@tempbox=\box76
\tikz@tempbox@bg=\box77
\tikztreelevel=\count316
\tikznumberofchildren=\count317
\tikznumberofcurrentchild=\count318
\tikz@fig@count=\count319

("C:\MiKTeX 2.9\tex/generic/pgf/modules\pgfmodulematrix.code.tex"
File: pgfmodulematrix.code.tex 2020/12/01 v3.1.7a (3.1.7a)
\pgfmatrixcurrentrow=\count320
\pgfmatrixcurrentcolumn=\count321
\pgf@matrix@numberofcolumns=\count322
)
\tikz@expandcount=\count323

("C:\MiKTeX 2.9\tex/generic/pgf/frontendlayer/tikz/libraries\tikzlibrarytopaths
.code.tex"
File: tikzlibrarytopaths.code.tex 2020/12/01 v3.1.7a (3.1.7a)
))) ("C:\MiKTeX 2.9\tex/generic/pgfplots\pgfplots.code.tex"
("C:\MiKTeX 2.9\tex/generic/pgfplots\pgfplotscore.code.tex"
\t@pgfplots@toka=\toks44
\t@pgfplots@tokb=\toks45
\t@pgfplots@tokc=\toks46
\pgfplots@tmpa=\dimen321
\c@pgfplots@coordindex=\count324
\c@pgfplots@scanlineindex=\count325

("C:\MiKTeX 2.9\tex/generic/pgfplots/sys\pgfplotssysgeneric.code.tex"))
("C:\MiKTeX 2.9\tex/generic/pgfplots/libs\pgfplotslibrary.code.tex")
("C:\MiKTeX 2.9\tex/generic/pgfplots/oldpgfcompatib\pgfplotsoldpgfsupp_loader.c
ode.tex" ("C:\MiKTeX 2.9\tex/generic/pgf/libraries\pgflibraryfpu.code.tex"))
("C:\MiKTeX 2.9\tex/generic/pgfplots/util\pgfplotsutil.code.tex"
("C:\MiKTeX 2.9\tex/generic/pgfplots/liststructure\pgfplotsliststructure.code.t
ex")
("C:\MiKTeX 2.9\tex/generic/pgfplots/liststructure\pgfplotsliststructureext.cod
e.tex")
("C:\MiKTeX 2.9\tex/generic/pgfplots/liststructure\pgfplotsarray.code.tex"
\c@pgfplotsarray@tmp=\count326
)
("C:\MiKTeX 2.9\tex/generic/pgfplots/liststructure\pgfplotsmatrix.code.tex")
("C:\MiKTeX 2.9\tex/generic/pgfplots/numtable\pgfplotstableshared.code.tex"
\c@pgfplotstable@counta=\count327
\t@pgfplotstable@a=\toks47
)
("C:\MiKTeX 2.9\tex/generic/pgfplots/liststructure\pgfplotsdeque.code.tex")
("C:\MiKTeX 2.9\tex/generic/pgfplots/util\pgfplotsbinary.code.tex"
("C:\MiKTeX 2.9\tex/generic/pgfplots/util\pgfplotsbinary.data.code.tex"))
("C:\MiKTeX 2.9\tex/generic/pgfplots/util\pgfplotsutil.verb.code.tex")
("C:\MiKTeX 2.9\tex/generic/pgfplots/libs\pgflibrarypgfplots.surfshading.code.t
ex"
\c@pgfplotslibrarysurf@no=\count328

("C:\MiKTeX 2.9\tex/generic/pgfplots/sys\pgflibrarypgfplots.surfshading.pgfsys-
pdftex.def")))
("C:\MiKTeX 2.9\tex/generic/pgfplots/util\pgfplotscolormap.code.tex"
("C:\MiKTeX 2.9\tex/generic/pgfplots/util\pgfplotscolor.code.tex"))
("C:\MiKTeX 2.9\tex/generic/pgfplots\pgfplotsstackedplots.code.tex")
("C:\MiKTeX 2.9\tex/generic/pgfplots\pgfplotsplothandlers.code.tex"
("C:\MiKTeX 2.9\tex/generic/pgfplots\pgfplotsmeshplothandler.code.tex"
("C:\MiKTeX 2.9\tex/generic/pgfplots\pgfplotsmeshplotimage.code.tex")))
("C:\MiKTeX 2.9\tex/generic/pgfplots\pgfplots.scaling.code.tex")
("C:\MiKTeX 2.9\tex/generic/pgfplots\pgfplotscoordprocessing.code.tex")
("C:\MiKTeX 2.9\tex/generic/pgfplots\pgfplots.errorbars.code.tex")
("C:\MiKTeX 2.9\tex/generic/pgfplots\pgfplots.markers.code.tex")
("C:\MiKTeX 2.9\tex/generic/pgfplots\pgfplotsticks.code.tex")
("C:\MiKTeX 2.9\tex/generic/pgfplots\pgfplots.paths.code.tex")
("C:\MiKTeX 2.9\tex/generic/pgf/frontendlayer/tikz/libraries\tikzlibrarydecorat
ions.code.tex"
("C:\MiKTeX 2.9\tex/generic/pgf/modules\pgfmoduledecorations.code.tex"
\pgfdecoratedcompleteddistance=\dimen322
\pgfdecoratedremainingdistance=\dimen323
\pgfdecoratedinputsegmentcompleteddistance=\dimen324
\pgfdecoratedinputsegmentremainingdistance=\dimen325
\pgf@decorate@distancetomove=\dimen326
\pgf@decorate@repeatstate=\count329
\pgfdecorationsegmentamplitude=\dimen327
\pgfdecorationsegmentlength=\dimen328
)
\tikz@lib@dec@box=\box78
)
("C:\MiKTeX 2.9\tex/generic/pgf/frontendlayer/tikz/libraries\tikzlibrarydecorat
ions.pathmorphing.code.tex"
("C:\MiKTeX 2.9\tex/generic/pgf/libraries/decorations\pgflibrarydecorations.pat
hmorphing.code.tex"))
("C:\MiKTeX 2.9\tex/generic/pgf/frontendlayer/tikz/libraries\tikzlibrarydecorat
ions.pathreplacing.code.tex"
("C:\MiKTeX 2.9\tex/generic/pgf/libraries/decorations\pgflibrarydecorations.pat
hreplacing.code.tex"))
\pgfplots@numplots=\count330
\pgfplots@xmin@reg=\dimen329
\pgfplots@xmax@reg=\dimen330
\pgfplots@ymin@reg=\dimen331
\pgfplots@ymax@reg=\dimen332
\pgfplots@zmin@reg=\dimen333
\pgfplots@zmax@reg=\dimen334
)
("C:\MiKTeX 2.9\tex/generic/pgf/frontendlayer/tikz/libraries\tikzlibraryplotmar
ks.code.tex"
File: tikzlibraryplotmarks.code.tex 2020/12/01 v3.1.7a (3.1.7a)

("C:\MiKTeX 2.9\tex/generic/pgf/libraries\pgflibraryplotmarks.code.tex"
File: pgflibraryplotmarks.code.tex 2020/12/01 v3.1.7a (3.1.7a)
)))
("C:\MiKTeX 2.9\tex/latex/pdfpages\pdfpages.sty"
Package: pdfpages 2020/01/28 v0.5q Insert pages of external PDF documents (AM)

("C:\MiKTeX 2.9\tex/latex/eso-pic\eso-pic.sty"
Package: eso-pic 2020/10/14 v3.0a eso-pic (RN)
\ESO@tempdima=\dimen335
\ESO@tempdimb=\dimen336
)
\AM@pagewidth=\dimen337
\AM@pageheight=\dimen338

("C:\MiKTeX 2.9\tex/latex/pdfpages\pppdftex.def"
File: pppdftex.def 2020/01/28 v0.5q Pdfpages driver for pdfTeX (AM)
)
\AM@pagebox=\box79
\AM@global@opts=\toks48
\AM@pagecnt=\count331
\AM@toc@title=\toks49
\c@AM@survey=\count332
\AM@templatesizebox=\box80
)
(C:/PROGRA~1/R/R-41~1.1/share/texmf/tex/latex\Sweave.sty
Package: Sweave 

("C:\MiKTeX 2.9\tex/latex/fancyvrb\fancyvrb.sty"
Package: fancyvrb 2020/05/03 v3.6 verbatim text (tvz,hv)
\FV@CodeLineNo=\count333
\FV@InFile=\read3
\FV@TabBox=\box81
\c@FancyVerbLine=\count334
\FV@StepNumber=\count335
\FV@OutFile=\write4
)
("C:\MiKTeX 2.9\tex/latex/base\fontenc.sty"
Package: fontenc 2020/08/10 v2.0s Standard LaTeX package
) ("C:\MiKTeX 2.9\tex/latex/ae\ae.sty"
Package: ae 2001/02/12 1.3 Almost European Computer Modern
 ("C:\MiKTeX 2.9\tex/latex/base\fontenc.sty"
Package: fontenc 2020/08/10 v2.0s Standard LaTeX package
)))
Package translations Info: No language package found. I am going to use `englis
h' as default language. on input line 65.
LaTeX Font Info:    Trying to load font information for T1+aer on input line 65
.

("C:\MiKTeX 2.9\tex/latex/ae\t1aer.fd"
File: t1aer.fd 1997/11/16 Font definitions for T1/aer.
) (Thesis_v3.aux)
\openout1 = `Thesis_v3.aux'.

LaTeX Font Info:    Checking defaults for OML/cmm/m/it on input line 65.
LaTeX Font Info:    ... okay on input line 65.
LaTeX Font Info:    Checking defaults for OMS/cmsy/m/n on input line 65.
LaTeX Font Info:    ... okay on input line 65.
LaTeX Font Info:    Checking defaults for OT1/cmr/m/n on input line 65.
LaTeX Font Info:    ... okay on input line 65.
LaTeX Font Info:    Checking defaults for T1/cmr/m/n on input line 65.
LaTeX Font Info:    ... okay on input line 65.
LaTeX Font Info:    Checking defaults for TS1/cmr/m/n on input line 65.
LaTeX Font Info:    ... okay on input line 65.
LaTeX Font Info:    Checking defaults for OMX/cmex/m/n on input line 65.
LaTeX Font Info:    ... okay on input line 65.
LaTeX Font Info:    Checking defaults for U/cmr/m/n on input line 65.
LaTeX Font Info:    ... okay on input line 65.
LaTeX Font Info:    Checking defaults for PD1/pdf/m/n on input line 65.
LaTeX Font Info:    ... okay on input line 65.

*geometry* driver: auto-detecting
*geometry* detected driver: pdftex
*geometry* verbose mode - [ preamble ] result:
* driver: pdftex
* paper: a4paper
* layout: <same size as paper>
* layoutoffset:(h,v)=(0.0pt,0.0pt)
* modes: 
* h-part:(L,W,R)=(36.135pt, 525.23788pt, 36.135pt)
* v-part:(T,H,B)=(36.135pt, 772.77686pt, 36.135pt)
* \paperwidth=597.50787pt
* \paperheight=845.04684pt
* \textwidth=452.9679pt
* \textheight=670.50687pt
* \oddsidemargin=0.0pt
* \evensidemargin=0.0pt
* \topmargin=0.0pt
* \headheight=0.0pt
* \headsep=0.0pt
* \topskip=12.0pt
* \footskip=30.0pt
* \marginparwidth=35.0pt
* \marginparsep=10.0pt
* \columnsep=10.0pt
* \skip\footins=10.8pt plus 4.0pt minus 2.0pt
* \hoffset=0.0pt
* \voffset=0.0pt
* \mag=1000
* \@twocolumnfalse
* \@twosidefalse
* \@mparswitchfalse
* \@reversemarginfalse
* (1in=72.27pt=25.4mm, 1cm=28.453pt)

("C:\MiKTeX 2.9\tex/context/base/mkii\supp-pdf.mkii"
[Loading MPS to PDF converter (version 2006.09.02).]
\scratchcounter=\count336
\scratchdimen=\dimen339
\scratchbox=\box82
\nofMPsegments=\count337
\nofMParguments=\count338
\everyMPshowfont=\toks50
\MPscratchCnt=\count339
\MPscratchDim=\dimen340
\MPnumerator=\count340
\makeMPintoPDFobject=\count341
\everyMPtoPDFconversion=\toks51
) ("C:\MiKTeX 2.9\tex/latex/epstopdf-pkg\epstopdf-base.sty"
Package: epstopdf-base 2020-01-24 v2.11 Base part for package epstopdf

("C:\MiKTeX 2.9\tex/latex/grfext\grfext.sty"
Package: grfext 2019/12/03 v1.3 Manage graphics extensions (HO)
)
Package epstopdf-base Info: Redefining graphics rule for `.eps' on input line 4
85.
Package grfext Info: Graphics extension search list:
(grfext)             [.pdf,.png,.jpg,.mps,.jpeg,.jbig2,.jb2,.PDF,.PNG,.JPG,.JPE
G,.JBIG2,.JB2,.eps]
(grfext)             \AppendGraphicsExtensions on input line 504.
)
Package hyperref Info: Link coloring ON on input line 65.

("C:\MiKTeX 2.9\tex/latex/hyperref\nameref.sty"
Package: nameref 2019/09/16 v2.46 Cross-referencing by name of section

("C:\MiKTeX 2.9\tex/latex/refcount\refcount.sty"
Package: refcount 2019/12/15 v3.6 Data extraction from label references (HO)
)
("C:\MiKTeX 2.9\tex/generic/gettitlestring\gettitlestring.sty"
Package: gettitlestring 2019/12/15 v1.6 Cleanup title references (HO)
)
\c@section@level=\count342
)
LaTeX Info: Redefining \ref on input line 65.
LaTeX Info: Redefining \pageref on input line 65.
LaTeX Info: Redefining \nameref on input line 65.
 (Thesis_v3.out) (Thesis_v3.out)
\@outlinefile=\write5
\openout5 = `Thesis_v3.out'.


("C:\MiKTeX 2.9\tex/latex/translations/dicts\translations-basic-dictionary-engl
ish.trsl"
File: translations-basic-dictionary-english.trsl (english translation file `tra
nslations-basic-dictionary')
)
Package caption Info: Begin \AtBeginDocument code.
Package caption Info: End \AtBeginDocument code.


Package pgfplots Warning: running in backwards compatibility mode (unsuitable t
ick labels; missing features). Consider writing \pgfplotsset{compat=1.17} into 
your preamble.
 on input line 65.

("C:\MiKTeX 2.9\tex/latex/pdflscape\pdflscape.sty"
Package: pdflscape 2019/12/05 v0.12 Display of landscape pages in PDF (HO)

("C:\MiKTeX 2.9\tex/latex/graphics\lscape.sty"
Package: lscape 2020/05/28 v3.02 Landscape Pages (DPC)
)
Package pdflscape Info: Auto-detected driver: pdftex on input line 81.
)
<TitlePage_MastersThesis.pdf, id=170, 597.50829pt x 845.0471pt>
File: TitlePage_MastersThesis.pdf Graphic file (type pdf)
<use TitlePage_MastersThesis.pdf>
Package pdftex.def Info: TitlePage_MastersThesis.pdf  used on input line 66.
(pdftex.def)             Requested size: 362.37569pt x 512.49939pt.
File: TitlePage_MastersThesis.pdf Graphic file (type pdf)
<use TitlePage_MastersThesis.pdf>
Package pdftex.def Info: TitlePage_MastersThesis.pdf  used on input line 66.
(pdftex.def)             Requested size: 362.37569pt x 512.49939pt.
<TitlePage_MastersThesis.pdf, id=173, page=1, 597.50829pt x 845.0471pt>
File: TitlePage_MastersThesis.pdf Graphic file (type pdf)
<use TitlePage_MastersThesis.pdf, page 1>
Package pdftex.def Info: TitlePage_MastersThesis.pdf , page1 used on input line
 66.
(pdftex.def)             Requested size: 597.50682pt x 845.04504pt.
File: TitlePage_MastersThesis.pdf Graphic file (type pdf)
<use TitlePage_MastersThesis.pdf, page 1>
Package pdftex.def Info: TitlePage_MastersThesis.pdf , page1 used on input line
 66.
(pdftex.def)             Requested size: 597.53416pt x 845.08372pt.
File: TitlePage_MastersThesis.pdf Graphic file (type pdf)
<use TitlePage_MastersThesis.pdf, page 1>
Package pdftex.def Info: TitlePage_MastersThesis.pdf , page1 used on input line
 66.
(pdftex.def)             Requested size: 597.53416pt x 845.08372pt.
File: TitlePage_MastersThesis.pdf Graphic file (type pdf)
<use TitlePage_MastersThesis.pdf, page 1>
Package pdftex.def Info: TitlePage_MastersThesis.pdf , page1 used on input line
 66.
(pdftex.def)             Requested size: 597.53416pt x 845.08372pt.
File: TitlePage_MastersThesis.pdf Graphic file (type pdf)
<use TitlePage_MastersThesis.pdf, page 1>
Package pdftex.def Info: TitlePage_MastersThesis.pdf , page1 used on input line
 66.
(pdftex.def)             Requested size: 597.53416pt x 845.08372pt.
 [1

 <./TitlePage_MastersThesis.pdf{C:/Users/gabe/AppData/Local/MiKTeX/2.9/pdftex/c
onfig/pdftex.map}>]

pdfTeX warning: pdflatex.exe (file ./ThesisApprovalPage.pdf): PDF inclusion: fo
und PDF version <1.7>, but at most version <1.5> allowed
<ThesisApprovalPage.pdf, id=200, 614.295pt x 794.97pt>
File: ThesisApprovalPage.pdf Graphic file (type pdf)
<use ThesisApprovalPage.pdf>
Package pdftex.def Info: ThesisApprovalPage.pdf  used on input line 67.
(pdftex.def)             Requested size: 362.37569pt x 468.95546pt.


pdfTeX warning: pdflatex.exe (file ./ThesisApprovalPage.pdf): PDF inclusion: fo
und PDF version <1.7>, but at most version <1.5> allowed
File: ThesisApprovalPage.pdf Graphic file (type pdf)
<use ThesisApprovalPage.pdf>
Package pdftex.def Info: ThesisApprovalPage.pdf  used on input line 67.
(pdftex.def)             Requested size: 362.37569pt x 468.95546pt.


pdfTeX warning: pdflatex.exe (file ./ThesisApprovalPage.pdf): PDF inclusion: fo
und PDF version <1.7>, but at most version <1.5> allowed


pdfTeX warning: pdflatex.exe (file ./ThesisApprovalPage.pdf): PDF inclusion: fo
und PDF version <1.7>, but at most version <1.5> allowed
<ThesisApprovalPage.pdf, id=203, page=1, 614.295pt x 794.97pt>
File: ThesisApprovalPage.pdf Graphic file (type pdf)
<use ThesisApprovalPage.pdf, page 1>
Package pdftex.def Info: ThesisApprovalPage.pdf , page1 used on input line 67.
(pdftex.def)             Requested size: 614.29349pt x 794.96806pt.
File: ThesisApprovalPage.pdf Graphic file (type pdf)
<use ThesisApprovalPage.pdf, page 1>
Package pdftex.def Info: ThesisApprovalPage.pdf , page1 used on input line 67.
(pdftex.def)             Requested size: 597.78697pt x 773.60669pt.
File: ThesisApprovalPage.pdf Graphic file (type pdf)
<use ThesisApprovalPage.pdf, page 1>
Package pdftex.def Info: ThesisApprovalPage.pdf , page1 used on input line 67.
(pdftex.def)             Requested size: 597.78697pt x 773.60669pt.
File: ThesisApprovalPage.pdf Graphic file (type pdf)
<use ThesisApprovalPage.pdf, page 1>
Package pdftex.def Info: ThesisApprovalPage.pdf , page1 used on input line 67.
(pdftex.def)             Requested size: 597.78697pt x 773.60669pt.
File: ThesisApprovalPage.pdf Graphic file (type pdf)
<use ThesisApprovalPage.pdf, page 1>
Package pdftex.def Info: ThesisApprovalPage.pdf , page1 used on input line 67.
(pdftex.def)             Requested size: 597.78697pt x 773.60669pt.
[2 <./ThesisApprovalPage.pdf>] (Thesis_v3-concordance.tex) (Thesis_v3.toc
LaTeX Font Info:    Trying to load font information for U+msa on input line 3.

("C:\MiKTeX 2.9\tex/latex/amsfonts\umsa.fd"
File: umsa.fd 2013/01/14 v3.01 AMS symbols A
)
LaTeX Font Info:    Trying to load font information for U+msb on input line 3.

("C:\MiKTeX 2.9\tex/latex/amsfonts\umsb.fd"
File: umsb.fd 2013/01/14 v3.01 AMS symbols B
)
LaTeX Font Info:    Trying to load font information for U+rsfs on input line 3.


("C:\MiKTeX 2.9\tex/latex/jknappen\ursfs.fd"
File: ursfs.fd 1998/03/24 rsfs font definition file (jk)
))
\tf@toc=\write6
\openout6 = `Thesis_v3.toc'.

 [3] [4]
Underfull \hbox (badness 10000) in paragraph at lines 79--80

 []

LaTeX Font Info:    Trying to load font information for T1+aett on input line 8
1.
("C:\MiKTeX 2.9\tex/latex/ae\t1aett.fd"
File: t1aett.fd 1997/11/16 Font definitions for T1/aett.
)
Underfull \hbox (badness 10000) in paragraph at lines 93--94

 []


Underfull \hbox (badness 10000) in paragraph at lines 95--96

 []

[5]
<./Graphics/PassThePigs/PtPBox.png, id=327, 164.11313pt x 351.56343pt>
File: ./Graphics/PassThePigs/PtPBox.png Graphic file (type png)
<use ./Graphics/PassThePigs/PtPBox.png>
Package pdftex.def Info: ./Graphics/PassThePigs/PtPBox.png  used on input line 
101.
(pdftex.def)             Requested size: 126.83044pt x 271.69708pt.

Underfull \hbox (badness 1158) in paragraph at lines 106--107
\T1/aer/m/n/12 Bayesian pre-dic-tion and us-ing plug-in es-ti-ma-tors, con-
 []


Underfull \hbox (badness 10000) in paragraph at lines 106--107

 []


Underfull \hbox (badness 10000) in paragraph at lines 108--109

 []


Underfull \hbox (badness 10000) in paragraph at lines 110--111

 []

LaTeX Font Info:    Trying to load font information for TS1+aer on input line 1
12.
(C:/PROGRA~1/R/R-41~1.1/share/texmf/tex/latex\ts1aer.fd
File: ts1aer.fd 
)
LaTeX Font Info:    Font shape `TS1/aer/m/n' in size <12> not available
(Font)              Font shape `TS1/cmr/m/n' tried instead on input line 112.
 [6 <./Graphics/PassThePigs/PtPBox.png>]
<./Graphics/PassThePigs/PigSize.png, id=343, 294.34969pt x 181.42781pt>
File: ./Graphics/PassThePigs/PigSize.png Graphic file (type png)
<use ./Graphics/PassThePigs/PigSize.png>
Package pdftex.def Info: ./Graphics/PassThePigs/PigSize.png  used on input line
 116.
(pdftex.def)             Requested size: 407.66833pt x 251.2759pt.
LaTeX Font Info:    Font shape `TS1/aer/m/n' in size <10.95> not available
(Font)              Font shape `TS1/cmr/m/n' tried instead on input line 117.
<Thesis_v3-002.pdf, id=344, 433.62pt x 433.62pt>
File: Thesis_v3-002.pdf Graphic file (type pdf)
<use Thesis_v3-002.pdf>
Package pdftex.def Info: Thesis_v3-002.pdf  used on input line 126.
(pdftex.def)             Requested size: 362.37569pt x 362.39232pt.
 [7 <./Graphics/PassThePigs/PigSize.png>] [8 <./Thesis_v3-002.pdf>] [9

]

Package amsmath Warning: Foreign command \atopwithdelims;
(amsmath)                \frac or \genfrac should be used instead
(amsmath)                 on input line 192.

[10

] [11]
<Thesis_v3-003.pdf, id=388, 433.62pt x 433.62pt>
File: Thesis_v3-003.pdf Graphic file (type pdf)
<use Thesis_v3-003.pdf>
Package pdftex.def Info: Thesis_v3-003.pdf  used on input line 274.
(pdftex.def)             Requested size: 362.37569pt x 362.39232pt.
 [12]
Underfull \hbox (badness 10000) in paragraph at lines 285--287

 []


Underfull \hbox (badness 10000) in paragraph at lines 288--289

 []

[13 <./Thesis_v3-003.pdf>]
Underfull \hbox (badness 10000) in paragraph at lines 313--314

 []


Underfull \hbox (badness 10000) in paragraph at lines 330--331

 []

[14]
Underfull \hbox (badness 10000) in paragraph at lines 336--337

 []

[15]
<Thesis_v3-004.pdf, id=413, 433.62pt x 433.62pt>
File: Thesis_v3-004.pdf Graphic file (type pdf)
<use Thesis_v3-004.pdf>
Package pdftex.def Info: Thesis_v3-004.pdf  used on input line 366.
(pdftex.def)             Requested size: 362.37569pt x 362.39232pt.
 [16 <./Thesis_v3-004.pdf>] [17

] [18]
Underfull \hbox (badness 10000) in paragraph at lines 461--462

 []


Underfull \hbox (badness 10000) in paragraph at lines 463--464

 []


Overfull \hbox (4.88312pt too wide) in paragraph at lines 469--470
[]\T1/aer/m/n/12 Set lower end-point $\OML/cmm/m/it/12 L$ \T1/aer/m/n/12 equal 
to the ex-pected value of $[]$. That is, $\OML/cmm/m/it/12 L \OT1/cmr/m/n/12 = 
\OML/cmm/m/it/12 E\OT1/cmr/m/n/12 ([]\OMS/cmsy/m/n/12 j\OML/cmm/m/it/12 y[]; ::
:; y[]\OT1/cmr/m/n/12 ) =
 []

[19]
<Thesis_v3-005.pdf, id=442, 433.62pt x 433.62pt>
File: Thesis_v3-005.pdf Graphic file (type pdf)
<use Thesis_v3-005.pdf>
Package pdftex.def Info: Thesis_v3-005.pdf  used on input line 508.
(pdftex.def)             Requested size: 362.37569pt x 362.39232pt.
 [20] [21 <./Thesis_v3-005.pdf>]
LaTeX Font Info:    Calculating math sizes for size <8.4> on input line 528.


LaTeX Font Warning: Font shape `OT1/cmr/m/n' in size <4.2> not available
(Font)              size <5> substituted on input line 528.


LaTeX Font Warning: Font shape `OML/cmm/m/it' in size <4.2> not available
(Font)              size <5> substituted on input line 528.


LaTeX Font Warning: Font shape `OMS/cmsy/m/n' in size <4.2> not available
(Font)              size <5> substituted on input line 528.


LaTeX Font Warning: Font shape `OT1/cmr/bx/n' in size <4.2> not available
(Font)              size <5> substituted on input line 528.


LaTeX Font Warning: Font shape `OML/cmm/b/it' in size <4.2> not available
(Font)              size <5> substituted on input line 528.


LaTeX Font Warning: Font shape `OMS/cmsy/b/n' in size <4.2> not available
(Font)              size <5> substituted on input line 528.


LaTeX Font Warning: Font shape `U/rsfs/m/n' in size <4.2> not available
(Font)              size <5> substituted on input line 528.


Underfull \hbox (badness 10000) in paragraph at lines 543--544

 []


Underfull \hbox (badness 10000) in paragraph at lines 567--568

 []

[22

]
Underfull \hbox (badness 10000) in paragraph at lines 579--580

 []

[23]
Underfull \hbox (badness 10000) in paragraph at lines 601--602

 []


Underfull \hbox (badness 10000) in paragraph at lines 606--607

 []

[24]
<Thesis_v3-006.pdf, id=479, 433.62pt x 433.62pt>
File: Thesis_v3-006.pdf Graphic file (type pdf)
<use Thesis_v3-006.pdf>
Package pdftex.def Info: Thesis_v3-006.pdf  used on input line 634.
(pdftex.def)             Requested size: 362.37569pt x 362.39232pt.
 [25 <./Thesis_v3-006.pdf>]
Underfull \hbox (badness 10000) in paragraph at lines 658--659

 []

[26

]
Overfull \hbox (5.61967pt too wide) in paragraph at lines 686--688
 \T1/aer/b/n/12 3.4.2.2 R Im-ple-men-ta-tion (Normal-Inverse Gamma, 2-sample)[]
[] \T1/aer/m/n/12 The R func-tion \T1/aett/m/n/12 rpred-
 []


Overfull \hbox (45.9861pt too wide) in paragraph at lines 686--688
\T1/aett/m/n/12 NormIG2() \T1/aer/m/n/12 im-ple-ments a Gibbs sam-pler to ap-pr
ox-i-mate the pos-te-rior dis-tri-bu-tion $\OML/cmm/m/it/12 p []$\T1/aer/m/n/12
 ,
 []


Underfull \hbox (badness 10000) in paragraph at lines 697--702

 []


Underfull \hbox (badness 10000) in paragraph at lines 697--702

 []


Overfull \hbox (42.72733pt too wide) in paragraph at lines 697--702
\T1/aer/m/n/12 The re-sults of a call to \T1/aett/m/n/12 rpred-NormIG2() \T1/ae
r/m/n/12 with the above in-put val-ues for $\OT1/cmr/bx/n/12 y[]\OML/cmm/m/it/1
2 ; \OT1/cmr/bx/n/12 y[]\OML/cmm/m/it/12 ; []; []; []; []; []N$
 []


Underfull \hbox (badness 10000) in paragraph at lines 697--702

 []

<Thesis_v3-007.pdf, id=496, 433.62pt x 433.62pt>
File: Thesis_v3-007.pdf Graphic file (type pdf)
<use Thesis_v3-007.pdf>
Package pdftex.def Info: Thesis_v3-007.pdf  used on input line 703.
(pdftex.def)             Requested size: 362.37569pt x 362.39232pt.
[27]

Package hyperref Warning: Token not allowed in a PDF string (PDFDocEncoding):
(hyperref)                removing `math shift' on input line 706.


Package hyperref Warning: Token not allowed in a PDF string (PDFDocEncoding):
(hyperref)                removing `math shift' on input line 706.

[28 <./Thesis_v3-007.pdf>]
Overfull \hbox (10.67146pt too wide) in paragraph at lines 733--734
 \T1/aer/b/n/12 3.4.3.2 R Im-ple-men-ta-tion (Normal-Inverse Gamma, k-samples)[
][] \T1/aer/m/n/12 The R func-tion \T1/aett/m/n/12 rpred-
 []

[29]
<Thesis_v3-008.pdf, id=525, 433.62pt x 433.62pt>
File: Thesis_v3-008.pdf Graphic file (type pdf)
<use Thesis_v3-008.pdf>
Package pdftex.def Info: Thesis_v3-008.pdf  used on input line 763.
(pdftex.def)             Requested size: 362.37569pt x 362.39232pt.
 [30 <./Thesis_v3-008.pdf>]
<Thesis_v3-010.pdf, id=539, 433.62pt x 433.62pt>
File: Thesis_v3-010.pdf Graphic file (type pdf)
<use Thesis_v3-010.pdf>
Package pdftex.def Info: Thesis_v3-010.pdf  used on input line 810.
(pdftex.def)             Requested size: 362.37569pt x 362.39232pt.
 [31] [32 <./Thesis_v3-010.pdf>]
Underfull \hbox (badness 10000) in paragraph at lines 877--878

 []

[33

]
<Thesis_v3-011.pdf, id=561, 433.62pt x 433.62pt>
File: Thesis_v3-011.pdf Graphic file (type pdf)
<use Thesis_v3-011.pdf>
Package pdftex.def Info: Thesis_v3-011.pdf  used on input line 883.
(pdftex.def)             Requested size: 362.37569pt x 362.39232pt.

Underfull \hbox (badness 10000) in paragraph at lines 913--914

 []


Underfull \hbox (badness 10000) in paragraph at lines 913--914

 []

[34 <./Thesis_v3-011.pdf>]
<Thesis_v3-012.pdf, id=572, 433.62pt x 433.62pt>
File: Thesis_v3-012.pdf Graphic file (type pdf)
<use Thesis_v3-012.pdf>
Package pdftex.def Info: Thesis_v3-012.pdf  used on input line 915.
(pdftex.def)             Requested size: 362.37569pt x 362.39232pt.

Underfull \hbox (badness 10000) in paragraph at lines 924--925

 []

[35 <./Thesis_v3-012.pdf>] [36]
Overfull \hbox (39.94238pt too wide) in paragraph at lines 962--963
\T1/aer/m/n/12 and for pri-ors we choose $\OML/cmm/b/it/12  \OMS/cmsy/m/n/12 
 []\OT1/cmr/m/n/12 (\OML/cmm/b/it/12 []\OML/cmm/m/it/12 ; \OT1/cmr/m/n/12 [])
$ \T1/aer/m/n/12 and $\OT1/cmr/m/n/12 1\OML/cmm/m/it/12 =[] \OT1/cmr/m/n/12 = 
\OML/cmm/m/it/12  \OMS/cmsy/m/n/12  []\OT1/cmr/m/n/12 (\OML/cmm/m/it/12 []=\
OT1/cmr/m/n/12 2\OML/cmm/m/it/12 ; [][]=\OT1/cmr/m/n/12 2)$\T1/aer/m/n/12 . 
 []


Underfull \hbox (badness 10000) in paragraph at lines 962--963

 []


Underfull \hbox (badness 10000) in paragraph at lines 962--963

 []


Overfull \hbox (1.57745pt too wide) in paragraph at lines 990--991
\T1/aer/m/n/12 Constructing a Gibbs sam-pler to ap-prox-i-mate the joint pos-te
-rior dis-tri-bu-tion $\OML/cmm/m/it/12 p\OT1/cmr/m/n/12 (\OML/cmm/b/it/12 \OM
L/cmm/m/it/12 ; []\OMS/cmsy/m/n/12 j[]\OT1/cmr/m/n/12 )$
 []


Overfull \hbox (0.347pt too wide) in paragraph at lines 1005--1006
[]\T1/aer/m/n/12 To cre-ate a sam-ple from the pre-dic-tive dis-tri-bu-tion of 
re-sponses: for each $\OML/cmm/m/it/12 s \OMS/cmsy/m/n/12 2 f\OT1/cmr/m/n/12 1\
OML/cmm/m/it/12 ; :::; S\OMS/cmsy/m/n/12 g$\T1/aer/m/n/12 ,
 []

[37

]

LaTeX Warning: Reference `regression_semiconj_var' on page 38 undefined on inpu
t line 1010.


LaTeX Warning: Reference `regression_semiconj_expec' on page 38 undefined on in
put line 1010.


Underfull \hbox (badness 10000) in paragraph at lines 1028--1029

 []

[38]
Underfull \hbox (badness 10000) in paragraph at lines 1047--1048

 []


Underfull \hbox (badness 10000) in paragraph at lines 1047--1048

 []


Overfull \hbox (119.5216pt too wide) detected at line 1073
[]
 []

<Thesis_v3-015.pdf, id=611, 433.62pt x 433.62pt>
File: Thesis_v3-015.pdf Graphic file (type pdf)
<use Thesis_v3-015.pdf>
Package pdftex.def Info: Thesis_v3-015.pdf  used on input line 1078.
(pdftex.def)             Requested size: 362.37569pt x 362.39232pt.
[39] [40 <./Thesis_v3-015.pdf>] [41

] (Thesis_v3.aux)
Package rerunfilecheck Info: File `Thesis_v3.out' has not changed.
(rerunfilecheck)             Checksum: E2775593D59B9F1A18D7FCFE68272E38;3366.


LaTeX Font Warning: Size substitutions with differences
(Font)              up to 2.90001pt have occurred.


LaTeX Warning: There were undefined references.

 ) 
Here is how much of TeX's memory you used:
 35562 strings out of 479696
 841380 string characters out of 2881701
 1251803 words of memory out of 3000000
 51835 multiletter control sequences out of 15000+200000
 454971 words of font info for 148 fonts, out of 3000000 for 9000
 1141 hyphenation exceptions out of 8191
 94i,20n,98p,1418b,989s stack positions out of 5000i,500n,10000p,200000b,50000s
 <C:\Users\gabe\AppData\Local\MiKTeX\2.9\fonts/pk/ljfour/jknappen/ec/dpi600\t
crm1095.pk> <C:\Users\gabe\AppData\Local\MiKTeX\2.9\fonts/pk/ljfour/jknappen/ec
/dpi600\tcrm1200.pk><C:/MiKTeX 2.9/fonts/type1/public/amsfonts/cm/cmb10.pfb><C:
/MiKTeX 2.9/fonts/type1/public/amsfonts/cm/cmbx12.pfb><C:/MiKTeX 2.9/fonts/type
1/public/amsfonts/cm/cmbx8.pfb><C:/MiKTeX 2.9/fonts/type1/public/amsfonts/cm/cm
csc10.pfb><C:/MiKTeX 2.9/fonts/type1/public/amsfonts/cm/cmex10.pfb><C:/MiKTeX 2
.9/fonts/type1/public/amsfonts/cmextra/cmex7.pfb><C:/MiKTeX 2.9/fonts/type1/pub
lic/amsfonts/cmextra/cmex8.pfb><C:/MiKTeX 2.9/fonts/type1/public/amsfonts/cm/cm
mi12.pfb><C:/MiKTeX 2.9/fonts/type1/public/amsfonts/cm/cmmi6.pfb><C:/MiKTeX 2.9
/fonts/type1/public/amsfonts/cm/cmmi8.pfb><C:/MiKTeX 2.9/fonts/type1/public/ams
fonts/cm/cmmib10.pfb><C:/MiKTeX 2.9/fonts/type1/public/amsfonts/cm/cmr10.pfb><C
:/MiKTeX 2.9/fonts/type1/public/amsfonts/cm/cmr12.pfb><C:/MiKTeX 2.9/fonts/type
1/public/amsfonts/cm/cmr17.pfb><C:/MiKTeX 2.9/fonts/type1/public/amsfonts/cm/cm
r6.pfb><C:/MiKTeX 2.9/fonts/type1/public/amsfonts/cm/cmr8.pfb><C:/MiKTeX 2.9/fo
nts/type1/public/amsfonts/cm/cmsy10.pfb><C:/MiKTeX 2.9/fonts/type1/public/amsfo
nts/cm/cmsy6.pfb><C:/MiKTeX 2.9/fonts/type1/public/amsfonts/cm/cmsy8.pfb><C:/Mi
KTeX 2.9/fonts/type1/public/amsfonts/cm/cmti12.pfb><C:/MiKTeX 2.9/fonts/type1/p
ublic/amsfonts/cm/cmtt12.pfb><C:/MiKTeX 2.9/fonts/type1/public/amsfonts/cm/cmtt
8.pfb><C:/MiKTeX 2.9/fonts/type1/public/amsfonts/latxfont/line10.pfb><C:/MiKTeX
 2.9/fonts/type1/public/amsfonts/symbols/msam10.pfb>
Output written on Thesis_v3.pdf (41 pages, 1079195 bytes).
PDF statistics:
 739 PDF objects out of 1000 (max. 8388607)
 127 named destinations out of 1000 (max. 500000)
 450 words of extra memory for PDF output out of 10000 (max. 10000000)

