This is pdfTeX, Version 3.14159265-2.6-1.40.21 (MiKTeX 20.12) (preloaded format=pdflatex 2020.12.28)  23 MAR 2022 12:45
entering extended mode
**./TitlePage_MastersThesis.tex
(TitlePage_MastersThesis.tex
LaTeX2e <2020-10-01> patch level 2
L3 programming layer <2020-12-07> xparse <2020-03-03>
("C:\MiKTeX 2.9\tex/latex/base\report.cls"
Document Class: report 2020/04/10 v1.4m Standard LaTeX document class
("C:\MiKTeX 2.9\tex/latex/base\size12.clo"
File: size12.clo 2020/04/10 v1.4m Standard LaTeX file (size option)
)
\c@part=\count177
\c@chapter=\count178
\c@section=\count179
\c@subsection=\count180
\c@subsubsection=\count181
\c@paragraph=\count182
\c@subparagraph=\count183
\c@figure=\count184
\c@table=\count185
\abovecaptionskip=\skip47
\belowcaptionskip=\skip48
\bibindent=\dimen138
)
("C:\MiKTeX 2.9\tex/latex/graphics\graphicx.sty"
Package: graphicx 2020/09/09 v1.2b Enhanced LaTeX Graphics (DPC,SPQR)

("C:\MiKTeX 2.9\tex/latex/graphics\keyval.sty"
Package: keyval 2014/10/28 v1.15 key=value parser (DPC)
\KV@toks@=\toks15
)
("C:\MiKTeX 2.9\tex/latex/graphics\graphics.sty"
Package: graphics 2020/08/30 v1.4c Standard LaTeX Graphics (DPC,SPQR)

("C:\MiKTeX 2.9\tex/latex/graphics\trig.sty"
Package: trig 2016/01/03 v1.10 sin cos tan (DPC)
)
("C:\MiKTeX 2.9\tex/latex/graphics-cfg\graphics.cfg"
File: graphics.cfg 2016/06/04 v1.11 sample graphics configuration
)
Package graphics Info: Driver file: pdftex.def on input line 105.

("C:\MiKTeX 2.9\tex/latex/graphics-def\pdftex.def"
File: pdftex.def 2020/10/05 v1.2a Graphics/color driver for pdftex
))
\Gin@req@height=\dimen139
\Gin@req@width=\dimen140
)
("C:\MiKTeX 2.9\tex/latex/changepage\changepage.sty"
Package: changepage 2009/10/20 v1.0c check page and change page layout
\c@cp@cntr=\count186
\cp@tempcnt=\count187
)
("C:\MiKTeX 2.9\tex/latex/geometry\geometry.sty"
Package: geometry 2020/01/02 v5.9 Page Geometry

("C:\MiKTeX 2.9\tex/generic/iftex\ifvtex.sty"
Package: ifvtex 2019/10/25 v1.7 ifvtex legacy package. Use iftex instead.

("C:\MiKTeX 2.9\tex/generic/iftex\iftex.sty"
Package: iftex 2020/03/06 v1.0d TeX engine tests
))
\Gm@cnth=\count188
\Gm@cntv=\count189
\c@Gm@tempcnt=\count190
\Gm@bindingoffset=\dimen141
\Gm@wd@mp=\dimen142
\Gm@odd@mp=\dimen143
\Gm@even@mp=\dimen144
\Gm@layoutwidth=\dimen145
\Gm@layoutheight=\dimen146
\Gm@layouthoffset=\dimen147
\Gm@layoutvoffset=\dimen148
\Gm@dimlist=\toks16

("C:\MiKTeX 2.9\tex/latex/geometry\geometry.cfg"))
(C:/PROGRA~1/R/R-41~1.1/share/texmf/tex/latex\Sweave.sty
Package: Sweave 

("C:\MiKTeX 2.9\tex/latex/base\ifthen.sty"
Package: ifthen 2014/09/29 v1.1c Standard LaTeX ifthen package (DPC)
)
("C:\MiKTeX 2.9\tex/latex/fancyvrb\fancyvrb.sty"
Package: fancyvrb 2020/05/03 v3.6 verbatim text (tvz,hv)
\FV@CodeLineNo=\count191
\FV@InFile=\read2
\FV@TabBox=\box47
\c@FancyVerbLine=\count192
\FV@StepNumber=\count193
\FV@OutFile=\write3
)
("C:\MiKTeX 2.9\tex/latex/base\textcomp.sty"
Package: textcomp 2020/02/02 v2.0n Standard LaTeX package
)
("C:\MiKTeX 2.9\tex/latex/base\fontenc.sty"
Package: fontenc 2020/08/10 v2.0s Standard LaTeX package
) ("C:\MiKTeX 2.9\tex/latex/ae\ae.sty"
Package: ae 2001/02/12 1.3 Almost European Computer Modern
 ("C:\MiKTeX 2.9\tex/latex/base\fontenc.sty"
Package: fontenc 2020/08/10 v2.0s Standard LaTeX package
)))
LaTeX Font Info:    Trying to load font information for T1+aer on input line 11
.

("C:\MiKTeX 2.9\tex/latex/ae\t1aer.fd"
File: t1aer.fd 1997/11/16 Font definitions for T1/aer.
)
("C:\MiKTeX 2.9\tex/latex/l3backend\l3backend-pdftex.def"
File: l3backend-pdftex.def 2020-09-24 L3 backend support: PDF output (pdfTeX)
\l__kernel_color_stack_int=\count194
\l__pdf_internal_box=\box48
)
(TitlePage_MastersThesis.aux)
\openout1 = `TitlePage_MastersThesis.aux'.

LaTeX Font Info:    Checking defaults for OML/cmm/m/it on input line 11.
LaTeX Font Info:    ... okay on input line 11.
LaTeX Font Info:    Checking defaults for OMS/cmsy/m/n on input line 11.
LaTeX Font Info:    ... okay on input line 11.
LaTeX Font Info:    Checking defaults for OT1/cmr/m/n on input line 11.
LaTeX Font Info:    ... okay on input line 11.
LaTeX Font Info:    Checking defaults for T1/cmr/m/n on input line 11.
LaTeX Font Info:    ... okay on input line 11.
LaTeX Font Info:    Checking defaults for TS1/cmr/m/n on input line 11.
LaTeX Font Info:    ... okay on input line 11.
LaTeX Font Info:    Checking defaults for OMX/cmex/m/n on input line 11.
LaTeX Font Info:    ... okay on input line 11.
LaTeX Font Info:    Checking defaults for U/cmr/m/n on input line 11.
LaTeX Font Info:    ... okay on input line 11.

("C:\MiKTeX 2.9\tex/context/base/mkii\supp-pdf.mkii"
[Loading MPS to PDF converter (version 2006.09.02).]
\scratchcounter=\count195
\scratchdimen=\dimen149
\scratchbox=\box49
\nofMPsegments=\count196
\nofMParguments=\count197
\everyMPshowfont=\toks17
\MPscratchCnt=\count198
\MPscratchDim=\dimen150
\MPnumerator=\count199
\makeMPintoPDFobject=\count266
\everyMPtoPDFconversion=\toks18
) ("C:\MiKTeX 2.9\tex/latex/epstopdf-pkg\epstopdf-base.sty"
Package: epstopdf-base 2020-01-24 v2.11 Base part for package epstopdf

("C:\MiKTeX 2.9\tex/generic/infwarerr\infwarerr.sty"
Package: infwarerr 2019/12/03 v1.5 Providing info/warning/error messages (HO)
)
("C:\MiKTeX 2.9\tex/latex/grfext\grfext.sty"
Package: grfext 2019/12/03 v1.3 Manage graphics extensions (HO)

("C:\MiKTeX 2.9\tex/generic/kvdefinekeys\kvdefinekeys.sty"
Package: kvdefinekeys 2019-12-19 v1.6 Define keys (HO)
))
("C:\MiKTeX 2.9\tex/latex/kvoptions\kvoptions.sty"
Package: kvoptions 2020-10-07 v3.14 Key value format for package options (HO)

("C:\MiKTeX 2.9\tex/generic/ltxcmds\ltxcmds.sty"
Package: ltxcmds 2020-05-10 v1.25 LaTeX kernel commands for general use (HO)
)
("C:\MiKTeX 2.9\tex/generic/kvsetkeys\kvsetkeys.sty"
Package: kvsetkeys 2019/12/15 v1.18 Key value parser (HO)
))
("C:\MiKTeX 2.9\tex/generic/pdftexcmds\pdftexcmds.sty"
Package: pdftexcmds 2020-06-27 v0.33 Utility functions of pdfTeX for LuaTeX (HO
)
Package pdftexcmds Info: \pdf@primitive is available.
Package pdftexcmds Info: \pdf@ifprimitive is available.
Package pdftexcmds Info: \pdfdraftmode found.
)
Package epstopdf-base Info: Redefining graphics rule for `.eps' on input line 4
85.
Package grfext Info: Graphics extension search list:
(grfext)             [.pdf,.png,.jpg,.mps,.jpeg,.jbig2,.jb2,.PDF,.PNG,.JPG,.JPE
G,.JBIG2,.JB2,.eps]
(grfext)             \AppendGraphicsExtensions on input line 504.
)
*geometry* driver: auto-detecting
*geometry* detected driver: pdftex
*geometry* verbose mode - [ preamble ] result:
* driver: pdftex
* paper: a4paper
* layout: <same size as paper>
* layoutoffset:(h,v)=(0.0pt,0.0pt)
* modes: 
* h-part:(L,W,R)=(36.135pt, 525.23788pt, 36.135pt)
* v-part:(T,H,B)=(108.405pt, 628.23685pt, 108.405pt)
* \paperwidth=597.50787pt
* \paperheight=845.04684pt
* \textwidth=525.23788pt
* \textheight=628.23685pt
* \oddsidemargin=-36.135pt
* \evensidemargin=-36.135pt
* \topmargin=-0.86499pt
* \headheight=12.0pt
* \headsep=25.0pt
* \topskip=12.0pt
* \footskip=30.0pt
* \marginparwidth=35.0pt
* \marginparsep=10.0pt
* \columnsep=10.0pt
* \skip\footins=10.8pt plus 4.0pt minus 2.0pt
* \hoffset=0.0pt
* \voffset=0.0pt
* \mag=1000
* \@twocolumnfalse
* \@twosidefalse
* \@mparswitchfalse
* \@reversemarginfalse
* (1in=72.27pt=25.4mm, 1cm=28.453pt)

(TitlePage_MastersThesis-concordance.tex)
LaTeX Font Info:    External font `cmex10' loaded for size
(Font)              <12> on input line 26.
LaTeX Font Info:    External font `cmex10' loaded for size
(Font)              <8> on input line 26.
LaTeX Font Info:    External font `cmex10' loaded for size
(Font)              <6> on input line 26.
LaTeX Font Info:    Trying to load font information for TS1+aer on input line 2
6.

(C:/PROGRA~1/R/R-41~1.1/share/texmf/tex/latex\ts1aer.fd
File: ts1aer.fd 
)
LaTeX Font Info:    Font shape `TS1/aer/m/n' in size <12> not available
(Font)              Font shape `TS1/cmr/m/n' tried instead on input line 26.
 [1

{C:/Users/gabe/AppData/Local/MiKTeX/2.9/pdftex/config/pdftex.map}] (TitlePage_M
astersThesis.aux) ) 
Here is how much of TeX's memory you used:
 2980 strings out of 479696
 43608 string characters out of 2881701
 319915 words of memory out of 3000000
 20022 multiletter control sequences out of 15000+200000
 417676 words of font info for 55 fonts, out of 3000000 for 9000
 1141 hyphenation exceptions out of 8191
 70i,4n,76p,225b,141s stack positions out of 5000i,500n,10000p,200000b,50000s
 <C:\Users\gabe\AppData\Local\MiKTeX\2.9\fonts/pk/ljfour/jkn
appen/ec/dpi600\tcrm1200.pk><C:/MiKTeX 2.9/fonts/type1/public/amsfonts/cm/cmcsc
10.pfb><C:/MiKTeX 2.9/fonts/type1/public/amsfonts/cm/cmr12.pfb><C:/MiKTeX 2.9/f
onts/type1/public/amsfonts/cm/cmr17.pfb>
Output written on TitlePage_MastersThesis.pdf (1 page, 43305 bytes).
PDF statistics:
 24 PDF objects out of 1000 (max. 8388607)
 0 named destinations out of 1000 (max. 500000)
 5 words of extra memory for PDF output out of 10000 (max. 10000000)

